The system is: Linux - 5.0.0-32-generic - x86_64
Compiling the CXX compiler identification source file "CMakeCXXCompilerId.cpp" succeeded.
Compiler: /home/mmd01986/.conda/envs/p4env/bin/x86_64-conda_cos6-linux-gnu-g++ 
Build flags: -march=native
Id flags:  

The output was:
0


Compilation of the CXX compiler identification source "CMakeCXXCompilerId.cpp" produced "a.out"

The CXX compiler identification is GNU, found in "/home/mmd01986/Dropbox/dev/esmethods/psi4_interface/moint/CMakeFiles/3.14.0/CompilerIdCXX/a.out"

Determining if the CXX compiler works passed with the following output:
Change Dir: /home/mmd01986/Dropbox/dev/esmethods/psi4_interface/moint/CMakeFiles/CMakeTmp

Run Build Command(s):/usr/bin/make cmTC_99171/fast 
/usr/bin/make -f CMakeFiles/cmTC_99171.dir/build.make CMakeFiles/cmTC_99171.dir/build
make[1]: Entering directory '/home/mmd01986/Dropbox/dev/esmethods/psi4_interface/moint/CMakeFiles/CMakeTmp'
Building CXX object CMakeFiles/cmTC_99171.dir/testCXXCompiler.cxx.o
/home/mmd01986/.conda/envs/p4env/bin/x86_64-conda_cos6-linux-gnu-g++    -march=native    -o CMakeFiles/cmTC_99171.dir/testCXXCompiler.cxx.o -c /home/mmd01986/Dropbox/dev/esmethods/psi4_interface/moint/CMakeFiles/CMakeTmp/testCXXCompiler.cxx
Linking CXX executable cmTC_99171
/home/mmd01986/.conda/envs/p4env/bin/cmake -E cmake_link_script CMakeFiles/cmTC_99171.dir/link.txt --verbose=1
/home/mmd01986/.conda/envs/p4env/bin/x86_64-conda_cos6-linux-gnu-g++  -march=native   -Wl,-O2 -Wl,--sort-common -Wl,--as-needed -Wl,-z,relro -Wl,-z,now -Wl,--disable-new-dtags -Wl,--gc-sections  -rdynamic CMakeFiles/cmTC_99171.dir/testCXXCompiler.cxx.o  -o cmTC_99171 
make[1]: Leaving directory '/home/mmd01986/Dropbox/dev/esmethods/psi4_interface/moint/CMakeFiles/CMakeTmp'


Detecting CXX compiler ABI info compiled with the following output:
Change Dir: /home/mmd01986/Dropbox/dev/esmethods/psi4_interface/moint/CMakeFiles/CMakeTmp

Run Build Command(s):/usr/bin/make cmTC_3eea2/fast 
/usr/bin/make -f CMakeFiles/cmTC_3eea2.dir/build.make CMakeFiles/cmTC_3eea2.dir/build
make[1]: Entering directory '/home/mmd01986/Dropbox/dev/esmethods/psi4_interface/moint/CMakeFiles/CMakeTmp'
Building CXX object CMakeFiles/cmTC_3eea2.dir/CMakeCXXCompilerABI.cpp.o
/home/mmd01986/.conda/envs/p4env/bin/x86_64-conda_cos6-linux-gnu-g++    -march=native    -v -o CMakeFiles/cmTC_3eea2.dir/CMakeCXXCompilerABI.cpp.o -c /home/mmd01986/.conda/envs/p4env/share/cmake-3.14/Modules/CMakeCXXCompilerABI.cpp
Reading specs from /home/mmd01986/.conda/envs/p4env/bin/../lib/gcc/x86_64-conda_cos6-linux-gnu/7.3.0/specs
COLLECT_GCC=/home/mmd01986/.conda/envs/p4env/bin/x86_64-conda_cos6-linux-gnu-g++
Target: x86_64-conda_cos6-linux-gnu
Configured with: /home/rdonnelly/mc/conda-bld/compilers_linux-64_1534865402226/work/.build/x86_64-conda_cos6-linux-gnu/src/gcc/configure --build=x86_64-build_pc-linux-gnu --host=x86_64-build_pc-linux-gnu --target=x86_64-conda_cos6-linux-gnu --prefix=/home/rdonnelly/mc/conda-bld/compilers_linux-64_1534865402226/work/gcc_built --with-sysroot=/home/rdonnelly/mc/conda-bld/compilers_linux-64_1534865402226/work/gcc_built/x86_64-conda_cos6-linux-gnu/sysroot --enable-languages=c,c++,fortran,objc,obj-c++ --with-pkgversion='crosstool-NG 1.23.0.449-a04d0' --enable-__cxa_atexit --disable-libmudflap --enable-libgomp --disable-libssp --enable-libquadmath --enable-libquadmath-support --enable-libsanitizer --enable-libmpx --with-gmp=/home/rdonnelly/mc/conda-bld/compilers_linux-64_1534865402226/work/.build/x86_64-conda_cos6-linux-gnu/buildtools --with-mpfr=/home/rdonnelly/mc/conda-bld/compilers_linux-64_1534865402226/work/.build/x86_64-conda_cos6-linux-gnu/buildtools --with-mpc=/home/rdonnelly/mc/conda-bld/compilers_linux-64_1534865402226/work/.build/x86_64-conda_cos6-linux-gnu/buildtools --with-isl=/home/rdonnelly/mc/conda-bld/compilers_linux-64_1534865402226/work/.build/x86_64-conda_cos6-linux-gnu/buildtools --enable-lto --enable-threads=posix --enable-target-optspace --enable-plugin --enable-gold --disable-nls --disable-multilib --with-local-prefix=/home/rdonnelly/mc/conda-bld/compilers_linux-64_1534865402226/work/gcc_built/x86_64-conda_cos6-linux-gnu/sysroot --enable-long-long --enable-default-pie
Thread model: posix
gcc version 7.3.0 (crosstool-NG 1.23.0.449-a04d0) 
COLLECT_GCC_OPTIONS='-march=native' '-v' '-o' 'CMakeFiles/cmTC_3eea2.dir/CMakeCXXCompilerABI.cpp.o' '-c' '-shared-libgcc'
 /home/mmd01986/.conda/envs/p4env/bin/../libexec/gcc/x86_64-conda_cos6-linux-gnu/7.3.0/cc1plus -quiet -v -iprefix /home/mmd01986/.conda/envs/p4env/bin/../lib/gcc/x86_64-conda_cos6-linux-gnu/7.3.0/ -isysroot /home/mmd01986/.conda/envs/p4env/bin/../x86_64-conda_cos6-linux-gnu/sysroot -D_GNU_SOURCE /home/mmd01986/.conda/envs/p4env/share/cmake-3.14/Modules/CMakeCXXCompilerABI.cpp -march=broadwell -mmmx -mno-3dnow -msse -msse2 -msse3 -mssse3 -mno-sse4a -mcx16 -msahf -mmovbe -maes -mno-sha -mpclmul -mpopcnt -mabm -mno-lwp -mfma -mno-fma4 -mno-xop -mbmi -msgx -mbmi2 -mno-tbm -mavx -mavx2 -msse4.2 -msse4.1 -mlzcnt -mrtm -mhle -mrdrnd -mf16c -mfsgsbase -mrdseed -mprfchw -madx -mfxsr -mxsave -mxsaveopt -mno-avx512f -mno-avx512er -mno-avx512cd -mno-avx512pf -mno-prefetchwt1 -mclflushopt -mxsavec -mxsaves -mno-avx512dq -mno-avx512bw -mno-avx512vl -mno-avx512ifma -mno-avx512vbmi -mno-avx5124fmaps -mno-avx5124vnniw -mno-clwb -mno-mwaitx -mno-clzero -mno-pku -mno-rdpid --param l1-cache-size=32 --param l1-cache-line-size=64 --param l2-cache-size=12288 -mtune=generic -quiet -dumpbase CMakeCXXCompilerABI.cpp -auxbase-strip CMakeFiles/cmTC_3eea2.dir/CMakeCXXCompilerABI.cpp.o -version -o /tmp/ccy0Osra.s
GNU C++14 (crosstool-NG 1.23.0.449-a04d0) version 7.3.0 (x86_64-conda_cos6-linux-gnu)
	compiled by GNU C version 4.4.7 20120313 (Red Hat 4.4.7-18), GMP version 6.1.2, MPFR version 4.0.1, MPC version 1.1.0, isl version isl-0.19-GMP

GGC heuristics: --param ggc-min-expand=100 --param ggc-min-heapsize=131072
ignoring duplicate directory "/home/mmd01986/.conda/envs/p4env/bin/../lib/gcc/../../lib/gcc/x86_64-conda_cos6-linux-gnu/7.3.0/../../../../x86_64-conda_cos6-linux-gnu/include/c++/7.3.0"
ignoring duplicate directory "/home/mmd01986/.conda/envs/p4env/bin/../lib/gcc/../../lib/gcc/x86_64-conda_cos6-linux-gnu/7.3.0/../../../../x86_64-conda_cos6-linux-gnu/include/c++/7.3.0/x86_64-conda_cos6-linux-gnu"
ignoring duplicate directory "/home/mmd01986/.conda/envs/p4env/bin/../lib/gcc/../../lib/gcc/x86_64-conda_cos6-linux-gnu/7.3.0/../../../../x86_64-conda_cos6-linux-gnu/include/c++/7.3.0/backward"
ignoring duplicate directory "/home/mmd01986/.conda/envs/p4env/bin/../lib/gcc/../../lib/gcc/x86_64-conda_cos6-linux-gnu/7.3.0/include"
ignoring nonexistent directory "/home/mmd01986/.conda/envs/p4env/bin/../x86_64-conda_cos6-linux-gnu/sysroot/home/rdonnelly/mc/conda-bld/compilers_linux-64_1534865402226/work/gcc_built/x86_64-conda_cos6-linux-gnu/sysroot/include"
ignoring duplicate directory "/home/mmd01986/.conda/envs/p4env/bin/../lib/gcc/../../lib/gcc/x86_64-conda_cos6-linux-gnu/7.3.0/include-fixed"
ignoring duplicate directory "/home/mmd01986/.conda/envs/p4env/bin/../lib/gcc/../../lib/gcc/x86_64-conda_cos6-linux-gnu/7.3.0/../../../../x86_64-conda_cos6-linux-gnu/include"
#include "..." search starts here:
#include <...> search starts here:
 /home/mmd01986/.conda/envs/p4env/bin/../lib/gcc/x86_64-conda_cos6-linux-gnu/7.3.0/../../../../x86_64-conda_cos6-linux-gnu/include/c++/7.3.0
 /home/mmd01986/.conda/envs/p4env/bin/../lib/gcc/x86_64-conda_cos6-linux-gnu/7.3.0/../../../../x86_64-conda_cos6-linux-gnu/include/c++/7.3.0/x86_64-conda_cos6-linux-gnu
 /home/mmd01986/.conda/envs/p4env/bin/../lib/gcc/x86_64-conda_cos6-linux-gnu/7.3.0/../../../../x86_64-conda_cos6-linux-gnu/include/c++/7.3.0/backward
 /home/mmd01986/.conda/envs/p4env/bin/../lib/gcc/x86_64-conda_cos6-linux-gnu/7.3.0/include
 /home/mmd01986/.conda/envs/p4env/bin/../lib/gcc/x86_64-conda_cos6-linux-gnu/7.3.0/include-fixed
 /home/mmd01986/.conda/envs/p4env/bin/../lib/gcc/x86_64-conda_cos6-linux-gnu/7.3.0/../../../../x86_64-conda_cos6-linux-gnu/include
 /home/mmd01986/.conda/envs/p4env/bin/../x86_64-conda_cos6-linux-gnu/sysroot/usr/include
End of search list.
GNU C++14 (crosstool-NG 1.23.0.449-a04d0) version 7.3.0 (x86_64-conda_cos6-linux-gnu)
	compiled by GNU C version 4.4.7 20120313 (Red Hat 4.4.7-18), GMP version 6.1.2, MPFR version 4.0.1, MPC version 1.1.0, isl version isl-0.19-GMP

GGC heuristics: --param ggc-min-expand=100 --param ggc-min-heapsize=131072
Compiler executable checksum: 2f61739646e29ad60d2358d78f3bd7b4
COLLECT_GCC_OPTIONS='-march=native' '-v' '-o' 'CMakeFiles/cmTC_3eea2.dir/CMakeCXXCompilerABI.cpp.o' '-c' '-shared-libgcc'
 /home/mmd01986/.conda/envs/p4env/bin/../lib/gcc/x86_64-conda_cos6-linux-gnu/7.3.0/../../../../x86_64-conda_cos6-linux-gnu/bin/as -v --64 -o CMakeFiles/cmTC_3eea2.dir/CMakeCXXCompilerABI.cpp.o /tmp/ccy0Osra.s
GNU assembler version 2.31.1 (x86_64-conda_cos6-linux-gnu) using BFD version (crosstool-NG 1.23.0.444-4ea7) 2.31.1
COMPILER_PATH=/home/mmd01986/.conda/envs/p4env/bin/../libexec/gcc/x86_64-conda_cos6-linux-gnu/7.3.0/:/home/mmd01986/.conda/envs/p4env/bin/../libexec/gcc/:/home/mmd01986/.conda/envs/p4env/bin/../lib/gcc/x86_64-conda_cos6-linux-gnu/7.3.0/../../../../x86_64-conda_cos6-linux-gnu/bin/
LIBRARY_PATH=/home/mmd01986/.conda/envs/p4env/bin/../lib/gcc/x86_64-conda_cos6-linux-gnu/7.3.0/:/home/mmd01986/.conda/envs/p4env/bin/../lib/gcc/:/home/mmd01986/.conda/envs/p4env/bin/../lib/gcc/x86_64-conda_cos6-linux-gnu/7.3.0/../../../../x86_64-conda_cos6-linux-gnu/lib/../lib/:/home/mmd01986/.conda/envs/p4env/bin/../x86_64-conda_cos6-linux-gnu/sysroot/lib/../lib/:/home/mmd01986/.conda/envs/p4env/bin/../x86_64-conda_cos6-linux-gnu/sysroot/usr/lib/../lib/:/home/mmd01986/.conda/envs/p4env/bin/../lib/gcc/x86_64-conda_cos6-linux-gnu/7.3.0/../../../../x86_64-conda_cos6-linux-gnu/lib/:/home/mmd01986/.conda/envs/p4env/bin/../x86_64-conda_cos6-linux-gnu/sysroot/lib/:/home/mmd01986/.conda/envs/p4env/bin/../x86_64-conda_cos6-linux-gnu/sysroot/usr/lib/
COLLECT_GCC_OPTIONS='-march=native' '-v' '-o' 'CMakeFiles/cmTC_3eea2.dir/CMakeCXXCompilerABI.cpp.o' '-c' '-shared-libgcc'
Linking CXX executable cmTC_3eea2
/home/mmd01986/.conda/envs/p4env/bin/cmake -E cmake_link_script CMakeFiles/cmTC_3eea2.dir/link.txt --verbose=1
/home/mmd01986/.conda/envs/p4env/bin/x86_64-conda_cos6-linux-gnu-g++  -march=native   -Wl,-O2 -Wl,--sort-common -Wl,--as-needed -Wl,-z,relro -Wl,-z,now -Wl,--disable-new-dtags -Wl,--gc-sections -v -rdynamic CMakeFiles/cmTC_3eea2.dir/CMakeCXXCompilerABI.cpp.o  -o cmTC_3eea2 
Reading specs from /home/mmd01986/.conda/envs/p4env/bin/../lib/gcc/x86_64-conda_cos6-linux-gnu/7.3.0/specs
COLLECT_GCC=/home/mmd01986/.conda/envs/p4env/bin/x86_64-conda_cos6-linux-gnu-g++
COLLECT_LTO_WRAPPER=/home/mmd01986/.conda/envs/p4env/bin/../libexec/gcc/x86_64-conda_cos6-linux-gnu/7.3.0/lto-wrapper
Target: x86_64-conda_cos6-linux-gnu
Configured with: /home/rdonnelly/mc/conda-bld/compilers_linux-64_1534865402226/work/.build/x86_64-conda_cos6-linux-gnu/src/gcc/configure --build=x86_64-build_pc-linux-gnu --host=x86_64-build_pc-linux-gnu --target=x86_64-conda_cos6-linux-gnu --prefix=/home/rdonnelly/mc/conda-bld/compilers_linux-64_1534865402226/work/gcc_built --with-sysroot=/home/rdonnelly/mc/conda-bld/compilers_linux-64_1534865402226/work/gcc_built/x86_64-conda_cos6-linux-gnu/sysroot --enable-languages=c,c++,fortran,objc,obj-c++ --with-pkgversion='crosstool-NG 1.23.0.449-a04d0' --enable-__cxa_atexit --disable-libmudflap --enable-libgomp --disable-libssp --enable-libquadmath --enable-libquadmath-support --enable-libsanitizer --enable-libmpx --with-gmp=/home/rdonnelly/mc/conda-bld/compilers_linux-64_1534865402226/work/.build/x86_64-conda_cos6-linux-gnu/buildtools --with-mpfr=/home/rdonnelly/mc/conda-bld/compilers_linux-64_1534865402226/work/.build/x86_64-conda_cos6-linux-gnu/buildtools --with-mpc=/home/rdonnelly/mc/conda-bld/compilers_linux-64_1534865402226/work/.build/x86_64-conda_cos6-linux-gnu/buildtools --with-isl=/home/rdonnelly/mc/conda-bld/compilers_linux-64_1534865402226/work/.build/x86_64-conda_cos6-linux-gnu/buildtools --enable-lto --enable-threads=posix --enable-target-optspace --enable-plugin --enable-gold --disable-nls --disable-multilib --with-local-prefix=/home/rdonnelly/mc/conda-bld/compilers_linux-64_1534865402226/work/gcc_built/x86_64-conda_cos6-linux-gnu/sysroot --enable-long-long --enable-default-pie
Thread model: posix
gcc version 7.3.0 (crosstool-NG 1.23.0.449-a04d0) 
COMPILER_PATH=/home/mmd01986/.conda/envs/p4env/bin/../libexec/gcc/x86_64-conda_cos6-linux-gnu/7.3.0/:/home/mmd01986/.conda/envs/p4env/bin/../libexec/gcc/:/home/mmd01986/.conda/envs/p4env/bin/../lib/gcc/x86_64-conda_cos6-linux-gnu/7.3.0/../../../../x86_64-conda_cos6-linux-gnu/bin/
LIBRARY_PATH=/home/mmd01986/.conda/envs/p4env/bin/../lib/gcc/x86_64-conda_cos6-linux-gnu/7.3.0/:/home/mmd01986/.conda/envs/p4env/bin/../lib/gcc/:/home/mmd01986/.conda/envs/p4env/bin/../lib/gcc/x86_64-conda_cos6-linux-gnu/7.3.0/../../../../x86_64-conda_cos6-linux-gnu/lib/../lib/:/home/mmd01986/.conda/envs/p4env/bin/../x86_64-conda_cos6-linux-gnu/sysroot/lib/../lib/:/home/mmd01986/.conda/envs/p4env/bin/../x86_64-conda_cos6-linux-gnu/sysroot/usr/lib/../lib/:/home/mmd01986/.conda/envs/p4env/bin/../lib/gcc/x86_64-conda_cos6-linux-gnu/7.3.0/../../../../x86_64-conda_cos6-linux-gnu/lib/:/home/mmd01986/.conda/envs/p4env/bin/../x86_64-conda_cos6-linux-gnu/sysroot/lib/:/home/mmd01986/.conda/envs/p4env/bin/../x86_64-conda_cos6-linux-gnu/sysroot/usr/lib/
COLLECT_GCC_OPTIONS='-march=native' '-v' '-rdynamic' '-o' 'cmTC_3eea2' '-shared-libgcc'
 /home/mmd01986/.conda/envs/p4env/bin/../libexec/gcc/x86_64-conda_cos6-linux-gnu/7.3.0/collect2 -plugin /home/mmd01986/.conda/envs/p4env/bin/../libexec/gcc/x86_64-conda_cos6-linux-gnu/7.3.0/liblto_plugin.so -plugin-opt=/home/mmd01986/.conda/envs/p4env/bin/../libexec/gcc/x86_64-conda_cos6-linux-gnu/7.3.0/lto-wrapper -plugin-opt=-fresolution=/tmp/ccPGxCy9.res -plugin-opt=-pass-through=-lgcc_s -plugin-opt=-pass-through=-lgcc -plugin-opt=-pass-through=-lc -plugin-opt=-pass-through=-lgcc_s -plugin-opt=-pass-through=-lgcc --sysroot=/home/mmd01986/.conda/envs/p4env/bin/../x86_64-conda_cos6-linux-gnu/sysroot --eh-frame-hdr -m elf_x86_64 -export-dynamic -dynamic-linker /lib64/ld-linux-x86-64.so.2 -pie -o cmTC_3eea2 /home/mmd01986/.conda/envs/p4env/bin/../x86_64-conda_cos6-linux-gnu/sysroot/usr/lib/../lib/Scrt1.o /home/mmd01986/.conda/envs/p4env/bin/../x86_64-conda_cos6-linux-gnu/sysroot/usr/lib/../lib/crti.o /home/mmd01986/.conda/envs/p4env/bin/../lib/gcc/x86_64-conda_cos6-linux-gnu/7.3.0/crtbeginS.o -L/home/mmd01986/.conda/envs/p4env/bin/../lib/gcc/x86_64-conda_cos6-linux-gnu/7.3.0 -L/home/mmd01986/.conda/envs/p4env/bin/../lib/gcc -L/home/mmd01986/.conda/envs/p4env/bin/../lib/gcc/x86_64-conda_cos6-linux-gnu/7.3.0/../../../../x86_64-conda_cos6-linux-gnu/lib/../lib -L/home/mmd01986/.conda/envs/p4env/bin/../x86_64-conda_cos6-linux-gnu/sysroot/lib/../lib -L/home/mmd01986/.conda/envs/p4env/bin/../x86_64-conda_cos6-linux-gnu/sysroot/usr/lib/../lib -L/home/mmd01986/.conda/envs/p4env/bin/../lib/gcc/x86_64-conda_cos6-linux-gnu/7.3.0/../../../../x86_64-conda_cos6-linux-gnu/lib -L/home/mmd01986/.conda/envs/p4env/bin/../x86_64-conda_cos6-linux-gnu/sysroot/lib -L/home/mmd01986/.conda/envs/p4env/bin/../x86_64-conda_cos6-linux-gnu/sysroot/usr/lib -rpath /home/mmd01986/.conda/envs/p4env/lib -O2 --sort-common --as-needed -z relro -z now --disable-new-dtags --gc-sections CMakeFiles/cmTC_3eea2.dir/CMakeCXXCompilerABI.cpp.o -lstdc++ -lm -lgcc_s -lgcc -lc -lgcc_s -lgcc /home/mmd01986/.conda/envs/p4env/bin/../lib/gcc/x86_64-conda_cos6-linux-gnu/7.3.0/crtendS.o /home/mmd01986/.conda/envs/p4env/bin/../x86_64-conda_cos6-linux-gnu/sysroot/usr/lib/../lib/crtn.o
COLLECT_GCC_OPTIONS='-march=native' '-v' '-rdynamic' '-o' 'cmTC_3eea2' '-shared-libgcc'
make[1]: Leaving directory '/home/mmd01986/Dropbox/dev/esmethods/psi4_interface/moint/CMakeFiles/CMakeTmp'


Parsed CXX implicit include dir info from above output: rv=done
  found start of include info
  found start of implicit include info
    add: [/home/mmd01986/.conda/envs/p4env/bin/../lib/gcc/x86_64-conda_cos6-linux-gnu/7.3.0/../../../../x86_64-conda_cos6-linux-gnu/include/c++/7.3.0]
    add: [/home/mmd01986/.conda/envs/p4env/bin/../lib/gcc/x86_64-conda_cos6-linux-gnu/7.3.0/../../../../x86_64-conda_cos6-linux-gnu/include/c++/7.3.0/x86_64-conda_cos6-linux-gnu]
    add: [/home/mmd01986/.conda/envs/p4env/bin/../lib/gcc/x86_64-conda_cos6-linux-gnu/7.3.0/../../../../x86_64-conda_cos6-linux-gnu/include/c++/7.3.0/backward]
    add: [/home/mmd01986/.conda/envs/p4env/bin/../lib/gcc/x86_64-conda_cos6-linux-gnu/7.3.0/include]
    add: [/home/mmd01986/.conda/envs/p4env/bin/../lib/gcc/x86_64-conda_cos6-linux-gnu/7.3.0/include-fixed]
    add: [/home/mmd01986/.conda/envs/p4env/bin/../lib/gcc/x86_64-conda_cos6-linux-gnu/7.3.0/../../../../x86_64-conda_cos6-linux-gnu/include]
    add: [/home/mmd01986/.conda/envs/p4env/bin/../x86_64-conda_cos6-linux-gnu/sysroot/usr/include]
  end of search list found
  implicit include dirs: [/home/mmd01986/.conda/envs/p4env/bin/../lib/gcc/x86_64-conda_cos6-linux-gnu/7.3.0/../../../../x86_64-conda_cos6-linux-gnu/include/c++/7.3.0;/home/mmd01986/.conda/envs/p4env/bin/../lib/gcc/x86_64-conda_cos6-linux-gnu/7.3.0/../../../../x86_64-conda_cos6-linux-gnu/include/c++/7.3.0/x86_64-conda_cos6-linux-gnu;/home/mmd01986/.conda/envs/p4env/bin/../lib/gcc/x86_64-conda_cos6-linux-gnu/7.3.0/../../../../x86_64-conda_cos6-linux-gnu/include/c++/7.3.0/backward;/home/mmd01986/.conda/envs/p4env/bin/../lib/gcc/x86_64-conda_cos6-linux-gnu/7.3.0/include;/home/mmd01986/.conda/envs/p4env/bin/../lib/gcc/x86_64-conda_cos6-linux-gnu/7.3.0/include-fixed;/home/mmd01986/.conda/envs/p4env/bin/../lib/gcc/x86_64-conda_cos6-linux-gnu/7.3.0/../../../../x86_64-conda_cos6-linux-gnu/include;/home/mmd01986/.conda/envs/p4env/bin/../x86_64-conda_cos6-linux-gnu/sysroot/usr/include]


Parsed CXX implicit link information from above output:
  link line regex: [^( *|.*[/\])(ld|CMAKE_LINK_STARTFILE-NOTFOUND|([^/\]+-)?ld|collect2)[^/\]*( |$)]
  ignore line: [Change Dir: /home/mmd01986/Dropbox/dev/esmethods/psi4_interface/moint/CMakeFiles/CMakeTmp]
  ignore line: []
  ignore line: [Run Build Command(s):/usr/bin/make cmTC_3eea2/fast ]
  ignore line: [/usr/bin/make -f CMakeFiles/cmTC_3eea2.dir/build.make CMakeFiles/cmTC_3eea2.dir/build]
  ignore line: [make[1]: Entering directory '/home/mmd01986/Dropbox/dev/esmethods/psi4_interface/moint/CMakeFiles/CMakeTmp']
  ignore line: [Building CXX object CMakeFiles/cmTC_3eea2.dir/CMakeCXXCompilerABI.cpp.o]
  ignore line: [/home/mmd01986/.conda/envs/p4env/bin/x86_64-conda_cos6-linux-gnu-g++    -march=native    -v -o CMakeFiles/cmTC_3eea2.dir/CMakeCXXCompilerABI.cpp.o -c /home/mmd01986/.conda/envs/p4env/share/cmake-3.14/Modules/CMakeCXXCompilerABI.cpp]
  ignore line: [Reading specs from /home/mmd01986/.conda/envs/p4env/bin/../lib/gcc/x86_64-conda_cos6-linux-gnu/7.3.0/specs]
  ignore line: [COLLECT_GCC=/home/mmd01986/.conda/envs/p4env/bin/x86_64-conda_cos6-linux-gnu-g++]
  ignore line: [Target: x86_64-conda_cos6-linux-gnu]
  ignore line: [Configured with: /home/rdonnelly/mc/conda-bld/compilers_linux-64_1534865402226/work/.build/x86_64-conda_cos6-linux-gnu/src/gcc/configure --build=x86_64-build_pc-linux-gnu --host=x86_64-build_pc-linux-gnu --target=x86_64-conda_cos6-linux-gnu --prefix=/home/rdonnelly/mc/conda-bld/compilers_linux-64_1534865402226/work/gcc_built --with-sysroot=/home/rdonnelly/mc/conda-bld/compilers_linux-64_1534865402226/work/gcc_built/x86_64-conda_cos6-linux-gnu/sysroot --enable-languages=c,c++,fortran,objc,obj-c++ --with-pkgversion='crosstool-NG 1.23.0.449-a04d0' --enable-__cxa_atexit --disable-libmudflap --enable-libgomp --disable-libssp --enable-libquadmath --enable-libquadmath-support --enable-libsanitizer --enable-libmpx --with-gmp=/home/rdonnelly/mc/conda-bld/compilers_linux-64_1534865402226/work/.build/x86_64-conda_cos6-linux-gnu/buildtools --with-mpfr=/home/rdonnelly/mc/conda-bld/compilers_linux-64_1534865402226/work/.build/x86_64-conda_cos6-linux-gnu/buildtools --with-mpc=/home/rdonnelly/mc/conda-bld/compilers_linux-64_1534865402226/work/.build/x86_64-conda_cos6-linux-gnu/buildtools --with-isl=/home/rdonnelly/mc/conda-bld/compilers_linux-64_1534865402226/work/.build/x86_64-conda_cos6-linux-gnu/buildtools --enable-lto --enable-threads=posix --enable-target-optspace --enable-plugin --enable-gold --disable-nls --disable-multilib --with-local-prefix=/home/rdonnelly/mc/conda-bld/compilers_linux-64_1534865402226/work/gcc_built/x86_64-conda_cos6-linux-gnu/sysroot --enable-long-long --enable-default-pie]
  ignore line: [Thread model: posix]
  ignore line: [gcc version 7.3.0 (crosstool-NG 1.23.0.449-a04d0) ]
  ignore line: [COLLECT_GCC_OPTIONS='-march=native' '-v' '-o' 'CMakeFiles/cmTC_3eea2.dir/CMakeCXXCompilerABI.cpp.o' '-c' '-shared-libgcc']
  ignore line: [ /home/mmd01986/.conda/envs/p4env/bin/../libexec/gcc/x86_64-conda_cos6-linux-gnu/7.3.0/cc1plus -quiet -v -iprefix /home/mmd01986/.conda/envs/p4env/bin/../lib/gcc/x86_64-conda_cos6-linux-gnu/7.3.0/ -isysroot /home/mmd01986/.conda/envs/p4env/bin/../x86_64-conda_cos6-linux-gnu/sysroot -D_GNU_SOURCE /home/mmd01986/.conda/envs/p4env/share/cmake-3.14/Modules/CMakeCXXCompilerABI.cpp -march=broadwell -mmmx -mno-3dnow -msse -msse2 -msse3 -mssse3 -mno-sse4a -mcx16 -msahf -mmovbe -maes -mno-sha -mpclmul -mpopcnt -mabm -mno-lwp -mfma -mno-fma4 -mno-xop -mbmi -msgx -mbmi2 -mno-tbm -mavx -mavx2 -msse4.2 -msse4.1 -mlzcnt -mrtm -mhle -mrdrnd -mf16c -mfsgsbase -mrdseed -mprfchw -madx -mfxsr -mxsave -mxsaveopt -mno-avx512f -mno-avx512er -mno-avx512cd -mno-avx512pf -mno-prefetchwt1 -mclflushopt -mxsavec -mxsaves -mno-avx512dq -mno-avx512bw -mno-avx512vl -mno-avx512ifma -mno-avx512vbmi -mno-avx5124fmaps -mno-avx5124vnniw -mno-clwb -mno-mwaitx -mno-clzero -mno-pku -mno-rdpid --param l1-cache-size=32 --param l1-cache-line-size=64 --param l2-cache-size=12288 -mtune=generic -quiet -dumpbase CMakeCXXCompilerABI.cpp -auxbase-strip CMakeFiles/cmTC_3eea2.dir/CMakeCXXCompilerABI.cpp.o -version -o /tmp/ccy0Osra.s]
  ignore line: [GNU C++14 (crosstool-NG 1.23.0.449-a04d0) version 7.3.0 (x86_64-conda_cos6-linux-gnu)]
  ignore line: [	compiled by GNU C version 4.4.7 20120313 (Red Hat 4.4.7-18), GMP version 6.1.2, MPFR version 4.0.1, MPC version 1.1.0, isl version isl-0.19-GMP]
  ignore line: []
  ignore line: [GGC heuristics: --param ggc-min-expand=100 --param ggc-min-heapsize=131072]
  ignore line: [ignoring duplicate directory "/home/mmd01986/.conda/envs/p4env/bin/../lib/gcc/../../lib/gcc/x86_64-conda_cos6-linux-gnu/7.3.0/../../../../x86_64-conda_cos6-linux-gnu/include/c++/7.3.0"]
  ignore line: [ignoring duplicate directory "/home/mmd01986/.conda/envs/p4env/bin/../lib/gcc/../../lib/gcc/x86_64-conda_cos6-linux-gnu/7.3.0/../../../../x86_64-conda_cos6-linux-gnu/include/c++/7.3.0/x86_64-conda_cos6-linux-gnu"]
  ignore line: [ignoring duplicate directory "/home/mmd01986/.conda/envs/p4env/bin/../lib/gcc/../../lib/gcc/x86_64-conda_cos6-linux-gnu/7.3.0/../../../../x86_64-conda_cos6-linux-gnu/include/c++/7.3.0/backward"]
  ignore line: [ignoring duplicate directory "/home/mmd01986/.conda/envs/p4env/bin/../lib/gcc/../../lib/gcc/x86_64-conda_cos6-linux-gnu/7.3.0/include"]
  ignore line: [ignoring nonexistent directory "/home/mmd01986/.conda/envs/p4env/bin/../x86_64-conda_cos6-linux-gnu/sysroot/home/rdonnelly/mc/conda-bld/compilers_linux-64_1534865402226/work/gcc_built/x86_64-conda_cos6-linux-gnu/sysroot/include"]
  ignore line: [ignoring duplicate directory "/home/mmd01986/.conda/envs/p4env/bin/../lib/gcc/../../lib/gcc/x86_64-conda_cos6-linux-gnu/7.3.0/include-fixed"]
  ignore line: [ignoring duplicate directory "/home/mmd01986/.conda/envs/p4env/bin/../lib/gcc/../../lib/gcc/x86_64-conda_cos6-linux-gnu/7.3.0/../../../../x86_64-conda_cos6-linux-gnu/include"]
  ignore line: [#include "..." search starts here:]
  ignore line: [#include <...> search starts here:]
  ignore line: [ /home/mmd01986/.conda/envs/p4env/bin/../lib/gcc/x86_64-conda_cos6-linux-gnu/7.3.0/../../../../x86_64-conda_cos6-linux-gnu/include/c++/7.3.0]
  ignore line: [ /home/mmd01986/.conda/envs/p4env/bin/../lib/gcc/x86_64-conda_cos6-linux-gnu/7.3.0/../../../../x86_64-conda_cos6-linux-gnu/include/c++/7.3.0/x86_64-conda_cos6-linux-gnu]
  ignore line: [ /home/mmd01986/.conda/envs/p4env/bin/../lib/gcc/x86_64-conda_cos6-linux-gnu/7.3.0/../../../../x86_64-conda_cos6-linux-gnu/include/c++/7.3.0/backward]
  ignore line: [ /home/mmd01986/.conda/envs/p4env/bin/../lib/gcc/x86_64-conda_cos6-linux-gnu/7.3.0/include]
  ignore line: [ /home/mmd01986/.conda/envs/p4env/bin/../lib/gcc/x86_64-conda_cos6-linux-gnu/7.3.0/include-fixed]
  ignore line: [ /home/mmd01986/.conda/envs/p4env/bin/../lib/gcc/x86_64-conda_cos6-linux-gnu/7.3.0/../../../../x86_64-conda_cos6-linux-gnu/include]
  ignore line: [ /home/mmd01986/.conda/envs/p4env/bin/../x86_64-conda_cos6-linux-gnu/sysroot/usr/include]
  ignore line: [End of search list.]
  ignore line: [GNU C++14 (crosstool-NG 1.23.0.449-a04d0) version 7.3.0 (x86_64-conda_cos6-linux-gnu)]
  ignore line: [	compiled by GNU C version 4.4.7 20120313 (Red Hat 4.4.7-18), GMP version 6.1.2, MPFR version 4.0.1, MPC version 1.1.0, isl version isl-0.19-GMP]
  ignore line: []
  ignore line: [GGC heuristics: --param ggc-min-expand=100 --param ggc-min-heapsize=131072]
  ignore line: [Compiler executable checksum: 2f61739646e29ad60d2358d78f3bd7b4]
  ignore line: [COLLECT_GCC_OPTIONS='-march=native' '-v' '-o' 'CMakeFiles/cmTC_3eea2.dir/CMakeCXXCompilerABI.cpp.o' '-c' '-shared-libgcc']
  ignore line: [ /home/mmd01986/.conda/envs/p4env/bin/../lib/gcc/x86_64-conda_cos6-linux-gnu/7.3.0/../../../../x86_64-conda_cos6-linux-gnu/bin/as -v --64 -o CMakeFiles/cmTC_3eea2.dir/CMakeCXXCompilerABI.cpp.o /tmp/ccy0Osra.s]
  ignore line: [GNU assembler version 2.31.1 (x86_64-conda_cos6-linux-gnu) using BFD version (crosstool-NG 1.23.0.444-4ea7) 2.31.1]
  ignore line: [COMPILER_PATH=/home/mmd01986/.conda/envs/p4env/bin/../libexec/gcc/x86_64-conda_cos6-linux-gnu/7.3.0/:/home/mmd01986/.conda/envs/p4env/bin/../libexec/gcc/:/home/mmd01986/.conda/envs/p4env/bin/../lib/gcc/x86_64-conda_cos6-linux-gnu/7.3.0/../../../../x86_64-conda_cos6-linux-gnu/bin/]
  ignore line: [LIBRARY_PATH=/home/mmd01986/.conda/envs/p4env/bin/../lib/gcc/x86_64-conda_cos6-linux-gnu/7.3.0/:/home/mmd01986/.conda/envs/p4env/bin/../lib/gcc/:/home/mmd01986/.conda/envs/p4env/bin/../lib/gcc/x86_64-conda_cos6-linux-gnu/7.3.0/../../../../x86_64-conda_cos6-linux-gnu/lib/../lib/:/home/mmd01986/.conda/envs/p4env/bin/../x86_64-conda_cos6-linux-gnu/sysroot/lib/../lib/:/home/mmd01986/.conda/envs/p4env/bin/../x86_64-conda_cos6-linux-gnu/sysroot/usr/lib/../lib/:/home/mmd01986/.conda/envs/p4env/bin/../lib/gcc/x86_64-conda_cos6-linux-gnu/7.3.0/../../../../x86_64-conda_cos6-linux-gnu/lib/:/home/mmd01986/.conda/envs/p4env/bin/../x86_64-conda_cos6-linux-gnu/sysroot/lib/:/home/mmd01986/.conda/envs/p4env/bin/../x86_64-conda_cos6-linux-gnu/sysroot/usr/lib/]
  ignore line: [COLLECT_GCC_OPTIONS='-march=native' '-v' '-o' 'CMakeFiles/cmTC_3eea2.dir/CMakeCXXCompilerABI.cpp.o' '-c' '-shared-libgcc']
  ignore line: [Linking CXX executable cmTC_3eea2]
  ignore line: [/home/mmd01986/.conda/envs/p4env/bin/cmake -E cmake_link_script CMakeFiles/cmTC_3eea2.dir/link.txt --verbose=1]
  ignore line: [/home/mmd01986/.conda/envs/p4env/bin/x86_64-conda_cos6-linux-gnu-g++  -march=native   -Wl,-O2 -Wl,--sort-common -Wl,--as-needed -Wl,-z,relro -Wl,-z,now -Wl,--disable-new-dtags -Wl,--gc-sections -v -rdynamic CMakeFiles/cmTC_3eea2.dir/CMakeCXXCompilerABI.cpp.o  -o cmTC_3eea2 ]
  ignore line: [Reading specs from /home/mmd01986/.conda/envs/p4env/bin/../lib/gcc/x86_64-conda_cos6-linux-gnu/7.3.0/specs]
  ignore line: [COLLECT_GCC=/home/mmd01986/.conda/envs/p4env/bin/x86_64-conda_cos6-linux-gnu-g++]
  ignore line: [COLLECT_LTO_WRAPPER=/home/mmd01986/.conda/envs/p4env/bin/../libexec/gcc/x86_64-conda_cos6-linux-gnu/7.3.0/lto-wrapper]
  ignore line: [Target: x86_64-conda_cos6-linux-gnu]
  ignore line: [Configured with: /home/rdonnelly/mc/conda-bld/compilers_linux-64_1534865402226/work/.build/x86_64-conda_cos6-linux-gnu/src/gcc/configure --build=x86_64-build_pc-linux-gnu --host=x86_64-build_pc-linux-gnu --target=x86_64-conda_cos6-linux-gnu --prefix=/home/rdonnelly/mc/conda-bld/compilers_linux-64_1534865402226/work/gcc_built --with-sysroot=/home/rdonnelly/mc/conda-bld/compilers_linux-64_1534865402226/work/gcc_built/x86_64-conda_cos6-linux-gnu/sysroot --enable-languages=c,c++,fortran,objc,obj-c++ --with-pkgversion='crosstool-NG 1.23.0.449-a04d0' --enable-__cxa_atexit --disable-libmudflap --enable-libgomp --disable-libssp --enable-libquadmath --enable-libquadmath-support --enable-libsanitizer --enable-libmpx --with-gmp=/home/rdonnelly/mc/conda-bld/compilers_linux-64_1534865402226/work/.build/x86_64-conda_cos6-linux-gnu/buildtools --with-mpfr=/home/rdonnelly/mc/conda-bld/compilers_linux-64_1534865402226/work/.build/x86_64-conda_cos6-linux-gnu/buildtools --with-mpc=/home/rdonnelly/mc/conda-bld/compilers_linux-64_1534865402226/work/.build/x86_64-conda_cos6-linux-gnu/buildtools --with-isl=/home/rdonnelly/mc/conda-bld/compilers_linux-64_1534865402226/work/.build/x86_64-conda_cos6-linux-gnu/buildtools --enable-lto --enable-threads=posix --enable-target-optspace --enable-plugin --enable-gold --disable-nls --disable-multilib --with-local-prefix=/home/rdonnelly/mc/conda-bld/compilers_linux-64_1534865402226/work/gcc_built/x86_64-conda_cos6-linux-gnu/sysroot --enable-long-long --enable-default-pie]
  ignore line: [Thread model: posix]
  ignore line: [gcc version 7.3.0 (crosstool-NG 1.23.0.449-a04d0) ]
  ignore line: [COMPILER_PATH=/home/mmd01986/.conda/envs/p4env/bin/../libexec/gcc/x86_64-conda_cos6-linux-gnu/7.3.0/:/home/mmd01986/.conda/envs/p4env/bin/../libexec/gcc/:/home/mmd01986/.conda/envs/p4env/bin/../lib/gcc/x86_64-conda_cos6-linux-gnu/7.3.0/../../../../x86_64-conda_cos6-linux-gnu/bin/]
  ignore line: [LIBRARY_PATH=/home/mmd01986/.conda/envs/p4env/bin/../lib/gcc/x86_64-conda_cos6-linux-gnu/7.3.0/:/home/mmd01986/.conda/envs/p4env/bin/../lib/gcc/:/home/mmd01986/.conda/envs/p4env/bin/../lib/gcc/x86_64-conda_cos6-linux-gnu/7.3.0/../../../../x86_64-conda_cos6-linux-gnu/lib/../lib/:/home/mmd01986/.conda/envs/p4env/bin/../x86_64-conda_cos6-linux-gnu/sysroot/lib/../lib/:/home/mmd01986/.conda/envs/p4env/bin/../x86_64-conda_cos6-linux-gnu/sysroot/usr/lib/../lib/:/home/mmd01986/.conda/envs/p4env/bin/../lib/gcc/x86_64-conda_cos6-linux-gnu/7.3.0/../../../../x86_64-conda_cos6-linux-gnu/lib/:/home/mmd01986/.conda/envs/p4env/bin/../x86_64-conda_cos6-linux-gnu/sysroot/lib/:/home/mmd01986/.conda/envs/p4env/bin/../x86_64-conda_cos6-linux-gnu/sysroot/usr/lib/]
  ignore line: [COLLECT_GCC_OPTIONS='-march=native' '-v' '-rdynamic' '-o' 'cmTC_3eea2' '-shared-libgcc']
  link line: [ /home/mmd01986/.conda/envs/p4env/bin/../libexec/gcc/x86_64-conda_cos6-linux-gnu/7.3.0/collect2 -plugin /home/mmd01986/.conda/envs/p4env/bin/../libexec/gcc/x86_64-conda_cos6-linux-gnu/7.3.0/liblto_plugin.so -plugin-opt=/home/mmd01986/.conda/envs/p4env/bin/../libexec/gcc/x86_64-conda_cos6-linux-gnu/7.3.0/lto-wrapper -plugin-opt=-fresolution=/tmp/ccPGxCy9.res -plugin-opt=-pass-through=-lgcc_s -plugin-opt=-pass-through=-lgcc -plugin-opt=-pass-through=-lc -plugin-opt=-pass-through=-lgcc_s -plugin-opt=-pass-through=-lgcc --sysroot=/home/mmd01986/.conda/envs/p4env/bin/../x86_64-conda_cos6-linux-gnu/sysroot --eh-frame-hdr -m elf_x86_64 -export-dynamic -dynamic-linker /lib64/ld-linux-x86-64.so.2 -pie -o cmTC_3eea2 /home/mmd01986/.conda/envs/p4env/bin/../x86_64-conda_cos6-linux-gnu/sysroot/usr/lib/../lib/Scrt1.o /home/mmd01986/.conda/envs/p4env/bin/../x86_64-conda_cos6-linux-gnu/sysroot/usr/lib/../lib/crti.o /home/mmd01986/.conda/envs/p4env/bin/../lib/gcc/x86_64-conda_cos6-linux-gnu/7.3.0/crtbeginS.o -L/home/mmd01986/.conda/envs/p4env/bin/../lib/gcc/x86_64-conda_cos6-linux-gnu/7.3.0 -L/home/mmd01986/.conda/envs/p4env/bin/../lib/gcc -L/home/mmd01986/.conda/envs/p4env/bin/../lib/gcc/x86_64-conda_cos6-linux-gnu/7.3.0/../../../../x86_64-conda_cos6-linux-gnu/lib/../lib -L/home/mmd01986/.conda/envs/p4env/bin/../x86_64-conda_cos6-linux-gnu/sysroot/lib/../lib -L/home/mmd01986/.conda/envs/p4env/bin/../x86_64-conda_cos6-linux-gnu/sysroot/usr/lib/../lib -L/home/mmd01986/.conda/envs/p4env/bin/../lib/gcc/x86_64-conda_cos6-linux-gnu/7.3.0/../../../../x86_64-conda_cos6-linux-gnu/lib -L/home/mmd01986/.conda/envs/p4env/bin/../x86_64-conda_cos6-linux-gnu/sysroot/lib -L/home/mmd01986/.conda/envs/p4env/bin/../x86_64-conda_cos6-linux-gnu/sysroot/usr/lib -rpath /home/mmd01986/.conda/envs/p4env/lib -O2 --sort-common --as-needed -z relro -z now --disable-new-dtags --gc-sections CMakeFiles/cmTC_3eea2.dir/CMakeCXXCompilerABI.cpp.o -lstdc++ -lm -lgcc_s -lgcc -lc -lgcc_s -lgcc /home/mmd01986/.conda/envs/p4env/bin/../lib/gcc/x86_64-conda_cos6-linux-gnu/7.3.0/crtendS.o /home/mmd01986/.conda/envs/p4env/bin/../x86_64-conda_cos6-linux-gnu/sysroot/usr/lib/../lib/crtn.o]
    arg [/home/mmd01986/.conda/envs/p4env/bin/../libexec/gcc/x86_64-conda_cos6-linux-gnu/7.3.0/collect2] ==> ignore
    arg [-plugin] ==> ignore
    arg [/home/mmd01986/.conda/envs/p4env/bin/../libexec/gcc/x86_64-conda_cos6-linux-gnu/7.3.0/liblto_plugin.so] ==> ignore
    arg [-plugin-opt=/home/mmd01986/.conda/envs/p4env/bin/../libexec/gcc/x86_64-conda_cos6-linux-gnu/7.3.0/lto-wrapper] ==> ignore
    arg [-plugin-opt=-fresolution=/tmp/ccPGxCy9.res] ==> ignore
    arg [-plugin-opt=-pass-through=-lgcc_s] ==> ignore
    arg [-plugin-opt=-pass-through=-lgcc] ==> ignore
    arg [-plugin-opt=-pass-through=-lc] ==> ignore
    arg [-plugin-opt=-pass-through=-lgcc_s] ==> ignore
    arg [-plugin-opt=-pass-through=-lgcc] ==> ignore
    arg [--sysroot=/home/mmd01986/.conda/envs/p4env/bin/../x86_64-conda_cos6-linux-gnu/sysroot] ==> ignore
    arg [--eh-frame-hdr] ==> ignore
    arg [-m] ==> ignore
    arg [elf_x86_64] ==> ignore
    arg [-export-dynamic] ==> ignore
    arg [-dynamic-linker] ==> ignore
    arg [/lib64/ld-linux-x86-64.so.2] ==> ignore
    arg [-pie] ==> ignore
    arg [-o] ==> ignore
    arg [cmTC_3eea2] ==> ignore
    arg [/home/mmd01986/.conda/envs/p4env/bin/../x86_64-conda_cos6-linux-gnu/sysroot/usr/lib/../lib/Scrt1.o] ==> ignore
    arg [/home/mmd01986/.conda/envs/p4env/bin/../x86_64-conda_cos6-linux-gnu/sysroot/usr/lib/../lib/crti.o] ==> ignore
    arg [/home/mmd01986/.conda/envs/p4env/bin/../lib/gcc/x86_64-conda_cos6-linux-gnu/7.3.0/crtbeginS.o] ==> ignore
    arg [-L/home/mmd01986/.conda/envs/p4env/bin/../lib/gcc/x86_64-conda_cos6-linux-gnu/7.3.0] ==> dir [/home/mmd01986/.conda/envs/p4env/bin/../lib/gcc/x86_64-conda_cos6-linux-gnu/7.3.0]
    arg [-L/home/mmd01986/.conda/envs/p4env/bin/../lib/gcc] ==> dir [/home/mmd01986/.conda/envs/p4env/bin/../lib/gcc]
    arg [-L/home/mmd01986/.conda/envs/p4env/bin/../lib/gcc/x86_64-conda_cos6-linux-gnu/7.3.0/../../../../x86_64-conda_cos6-linux-gnu/lib/../lib] ==> dir [/home/mmd01986/.conda/envs/p4env/bin/../lib/gcc/x86_64-conda_cos6-linux-gnu/7.3.0/../../../../x86_64-conda_cos6-linux-gnu/lib/../lib]
    arg [-L/home/mmd01986/.conda/envs/p4env/bin/../x86_64-conda_cos6-linux-gnu/sysroot/lib/../lib] ==> dir [/home/mmd01986/.conda/envs/p4env/bin/../x86_64-conda_cos6-linux-gnu/sysroot/lib/../lib]
    arg [-L/home/mmd01986/.conda/envs/p4env/bin/../x86_64-conda_cos6-linux-gnu/sysroot/usr/lib/../lib] ==> dir [/home/mmd01986/.conda/envs/p4env/bin/../x86_64-conda_cos6-linux-gnu/sysroot/usr/lib/../lib]
    arg [-L/home/mmd01986/.conda/envs/p4env/bin/../lib/gcc/x86_64-conda_cos6-linux-gnu/7.3.0/../../../../x86_64-conda_cos6-linux-gnu/lib] ==> dir [/home/mmd01986/.conda/envs/p4env/bin/../lib/gcc/x86_64-conda_cos6-linux-gnu/7.3.0/../../../../x86_64-conda_cos6-linux-gnu/lib]
    arg [-L/home/mmd01986/.conda/envs/p4env/bin/../x86_64-conda_cos6-linux-gnu/sysroot/lib] ==> dir [/home/mmd01986/.conda/envs/p4env/bin/../x86_64-conda_cos6-linux-gnu/sysroot/lib]
    arg [-L/home/mmd01986/.conda/envs/p4env/bin/../x86_64-conda_cos6-linux-gnu/sysroot/usr/lib] ==> dir [/home/mmd01986/.conda/envs/p4env/bin/../x86_64-conda_cos6-linux-gnu/sysroot/usr/lib]
    arg [-rpath] ==> ignore
    arg [/home/mmd01986/.conda/envs/p4env/lib] ==> ignore
    arg [-O2] ==> ignore
    arg [--sort-common] ==> ignore
    arg [--as-needed] ==> ignore
    arg [-zrelro] ==> ignore
    arg [-znow] ==> ignore
    arg [--disable-new-dtags] ==> ignore
    arg [--gc-sections] ==> ignore
    arg [CMakeFiles/cmTC_3eea2.dir/CMakeCXXCompilerABI.cpp.o] ==> ignore
    arg [-lstdc++] ==> lib [stdc++]
    arg [-lm] ==> lib [m]
    arg [-lgcc_s] ==> lib [gcc_s]
    arg [-lgcc] ==> lib [gcc]
    arg [-lc] ==> lib [c]
    arg [-lgcc_s] ==> lib [gcc_s]
    arg [-lgcc] ==> lib [gcc]
    arg [/home/mmd01986/.conda/envs/p4env/bin/../lib/gcc/x86_64-conda_cos6-linux-gnu/7.3.0/crtendS.o] ==> ignore
    arg [/home/mmd01986/.conda/envs/p4env/bin/../x86_64-conda_cos6-linux-gnu/sysroot/usr/lib/../lib/crtn.o] ==> ignore
  collapse library dir [/home/mmd01986/.conda/envs/p4env/bin/../lib/gcc/x86_64-conda_cos6-linux-gnu/7.3.0] ==> [/home/mmd01986/.conda/envs/p4env/lib/gcc/x86_64-conda_cos6-linux-gnu/7.3.0]
  collapse library dir [/home/mmd01986/.conda/envs/p4env/bin/../lib/gcc] ==> [/home/mmd01986/.conda/envs/p4env/lib/gcc]
  collapse library dir [/home/mmd01986/.conda/envs/p4env/bin/../lib/gcc/x86_64-conda_cos6-linux-gnu/7.3.0/../../../../x86_64-conda_cos6-linux-gnu/lib/../lib] ==> [/home/mmd01986/.conda/envs/p4env/x86_64-conda_cos6-linux-gnu/lib]
  collapse library dir [/home/mmd01986/.conda/envs/p4env/bin/../x86_64-conda_cos6-linux-gnu/sysroot/lib/../lib] ==> [/home/mmd01986/.conda/envs/p4env/x86_64-conda_cos6-linux-gnu/sysroot/lib]
  collapse library dir [/home/mmd01986/.conda/envs/p4env/bin/../x86_64-conda_cos6-linux-gnu/sysroot/usr/lib/../lib] ==> [/home/mmd01986/.conda/envs/p4env/x86_64-conda_cos6-linux-gnu/sysroot/usr/lib]
  collapse library dir [/home/mmd01986/.conda/envs/p4env/bin/../lib/gcc/x86_64-conda_cos6-linux-gnu/7.3.0/../../../../x86_64-conda_cos6-linux-gnu/lib] ==> [/home/mmd01986/.conda/envs/p4env/x86_64-conda_cos6-linux-gnu/lib]
  collapse library dir [/home/mmd01986/.conda/envs/p4env/bin/../x86_64-conda_cos6-linux-gnu/sysroot/lib] ==> [/home/mmd01986/.conda/envs/p4env/x86_64-conda_cos6-linux-gnu/sysroot/lib]
  collapse library dir [/home/mmd01986/.conda/envs/p4env/bin/../x86_64-conda_cos6-linux-gnu/sysroot/usr/lib] ==> [/home/mmd01986/.conda/envs/p4env/x86_64-conda_cos6-linux-gnu/sysroot/usr/lib]
  implicit libs: [stdc++;m;gcc_s;gcc;c;gcc_s;gcc]
  implicit dirs: [/home/mmd01986/.conda/envs/p4env/lib/gcc/x86_64-conda_cos6-linux-gnu/7.3.0;/home/mmd01986/.conda/envs/p4env/lib/gcc;/home/mmd01986/.conda/envs/p4env/x86_64-conda_cos6-linux-gnu/lib;/home/mmd01986/.conda/envs/p4env/x86_64-conda_cos6-linux-gnu/sysroot/lib;/home/mmd01986/.conda/envs/p4env/x86_64-conda_cos6-linux-gnu/sysroot/usr/lib]
  implicit fwks: []




Detecting CXX [-std=c++1z] compiler features compiled with the following output:
Change Dir: /home/mmd01986/Dropbox/dev/esmethods/psi4_interface/moint/CMakeFiles/CMakeTmp

Run Build Command(s):/usr/bin/make cmTC_cea58/fast 
/usr/bin/make -f CMakeFiles/cmTC_cea58.dir/build.make CMakeFiles/cmTC_cea58.dir/build
make[1]: Entering directory '/home/mmd01986/Dropbox/dev/esmethods/psi4_interface/moint/CMakeFiles/CMakeTmp'
Building CXX object CMakeFiles/cmTC_cea58.dir/feature_tests.cxx.o
/home/mmd01986/.conda/envs/p4env/bin/x86_64-conda_cos6-linux-gnu-g++    -march=native    -std=c++1z -o CMakeFiles/cmTC_cea58.dir/feature_tests.cxx.o -c /home/mmd01986/Dropbox/dev/esmethods/psi4_interface/moint/CMakeFiles/feature_tests.cxx
Linking CXX executable cmTC_cea58
/home/mmd01986/.conda/envs/p4env/bin/cmake -E cmake_link_script CMakeFiles/cmTC_cea58.dir/link.txt --verbose=1
/home/mmd01986/.conda/envs/p4env/bin/x86_64-conda_cos6-linux-gnu-g++  -march=native   -Wl,-O2 -Wl,--sort-common -Wl,--as-needed -Wl,-z,relro -Wl,-z,now -Wl,--disable-new-dtags -Wl,--gc-sections  -rdynamic CMakeFiles/cmTC_cea58.dir/feature_tests.cxx.o  -o cmTC_cea58 
make[1]: Leaving directory '/home/mmd01986/Dropbox/dev/esmethods/psi4_interface/moint/CMakeFiles/CMakeTmp'


    Feature record: CXX_FEATURE:1cxx_aggregate_default_initializers
    Feature record: CXX_FEATURE:1cxx_alias_templates
    Feature record: CXX_FEATURE:1cxx_alignas
    Feature record: CXX_FEATURE:1cxx_alignof
    Feature record: CXX_FEATURE:1cxx_attributes
    Feature record: CXX_FEATURE:1cxx_attribute_deprecated
    Feature record: CXX_FEATURE:1cxx_auto_type
    Feature record: CXX_FEATURE:1cxx_binary_literals
    Feature record: CXX_FEATURE:1cxx_constexpr
    Feature record: CXX_FEATURE:1cxx_contextual_conversions
    Feature record: CXX_FEATURE:1cxx_decltype
    Feature record: CXX_FEATURE:1cxx_decltype_auto
    Feature record: CXX_FEATURE:1cxx_decltype_incomplete_return_types
    Feature record: CXX_FEATURE:1cxx_default_function_template_args
    Feature record: CXX_FEATURE:1cxx_defaulted_functions
    Feature record: CXX_FEATURE:1cxx_defaulted_move_initializers
    Feature record: CXX_FEATURE:1cxx_delegating_constructors
    Feature record: CXX_FEATURE:1cxx_deleted_functions
    Feature record: CXX_FEATURE:1cxx_digit_separators
    Feature record: CXX_FEATURE:1cxx_enum_forward_declarations
    Feature record: CXX_FEATURE:1cxx_explicit_conversions
    Feature record: CXX_FEATURE:1cxx_extended_friend_declarations
    Feature record: CXX_FEATURE:1cxx_extern_templates
    Feature record: CXX_FEATURE:1cxx_final
    Feature record: CXX_FEATURE:1cxx_func_identifier
    Feature record: CXX_FEATURE:1cxx_generalized_initializers
    Feature record: CXX_FEATURE:1cxx_generic_lambdas
    Feature record: CXX_FEATURE:1cxx_inheriting_constructors
    Feature record: CXX_FEATURE:1cxx_inline_namespaces
    Feature record: CXX_FEATURE:1cxx_lambdas
    Feature record: CXX_FEATURE:1cxx_lambda_init_captures
    Feature record: CXX_FEATURE:1cxx_local_type_template_args
    Feature record: CXX_FEATURE:1cxx_long_long_type
    Feature record: CXX_FEATURE:1cxx_noexcept
    Feature record: CXX_FEATURE:1cxx_nonstatic_member_init
    Feature record: CXX_FEATURE:1cxx_nullptr
    Feature record: CXX_FEATURE:1cxx_override
    Feature record: CXX_FEATURE:1cxx_range_for
    Feature record: CXX_FEATURE:1cxx_raw_string_literals
    Feature record: CXX_FEATURE:1cxx_reference_qualified_functions
    Feature record: CXX_FEATURE:1cxx_relaxed_constexpr
    Feature record: CXX_FEATURE:1cxx_return_type_deduction
    Feature record: CXX_FEATURE:1cxx_right_angle_brackets
    Feature record: CXX_FEATURE:1cxx_rvalue_references
    Feature record: CXX_FEATURE:1cxx_sizeof_member
    Feature record: CXX_FEATURE:1cxx_static_assert
    Feature record: CXX_FEATURE:1cxx_strong_enums
    Feature record: CXX_FEATURE:1cxx_template_template_parameters
    Feature record: CXX_FEATURE:1cxx_thread_local
    Feature record: CXX_FEATURE:1cxx_trailing_return_types
    Feature record: CXX_FEATURE:1cxx_unicode_literals
    Feature record: CXX_FEATURE:1cxx_uniform_initialization
    Feature record: CXX_FEATURE:1cxx_unrestricted_unions
    Feature record: CXX_FEATURE:1cxx_user_literals
    Feature record: CXX_FEATURE:1cxx_variable_templates
    Feature record: CXX_FEATURE:1cxx_variadic_macros
    Feature record: CXX_FEATURE:1cxx_variadic_templates


Detecting CXX [-std=c++14] compiler features compiled with the following output:
Change Dir: /home/mmd01986/Dropbox/dev/esmethods/psi4_interface/moint/CMakeFiles/CMakeTmp

Run Build Command(s):/usr/bin/make cmTC_a3a98/fast 
/usr/bin/make -f CMakeFiles/cmTC_a3a98.dir/build.make CMakeFiles/cmTC_a3a98.dir/build
make[1]: Entering directory '/home/mmd01986/Dropbox/dev/esmethods/psi4_interface/moint/CMakeFiles/CMakeTmp'
Building CXX object CMakeFiles/cmTC_a3a98.dir/feature_tests.cxx.o
/home/mmd01986/.conda/envs/p4env/bin/x86_64-conda_cos6-linux-gnu-g++    -march=native    -std=c++14 -o CMakeFiles/cmTC_a3a98.dir/feature_tests.cxx.o -c /home/mmd01986/Dropbox/dev/esmethods/psi4_interface/moint/CMakeFiles/feature_tests.cxx
Linking CXX executable cmTC_a3a98
/home/mmd01986/.conda/envs/p4env/bin/cmake -E cmake_link_script CMakeFiles/cmTC_a3a98.dir/link.txt --verbose=1
/home/mmd01986/.conda/envs/p4env/bin/x86_64-conda_cos6-linux-gnu-g++  -march=native   -Wl,-O2 -Wl,--sort-common -Wl,--as-needed -Wl,-z,relro -Wl,-z,now -Wl,--disable-new-dtags -Wl,--gc-sections  -rdynamic CMakeFiles/cmTC_a3a98.dir/feature_tests.cxx.o  -o cmTC_a3a98 
make[1]: Leaving directory '/home/mmd01986/Dropbox/dev/esmethods/psi4_interface/moint/CMakeFiles/CMakeTmp'


    Feature record: CXX_FEATURE:1cxx_aggregate_default_initializers
    Feature record: CXX_FEATURE:1cxx_alias_templates
    Feature record: CXX_FEATURE:1cxx_alignas
    Feature record: CXX_FEATURE:1cxx_alignof
    Feature record: CXX_FEATURE:1cxx_attributes
    Feature record: CXX_FEATURE:1cxx_attribute_deprecated
    Feature record: CXX_FEATURE:1cxx_auto_type
    Feature record: CXX_FEATURE:1cxx_binary_literals
    Feature record: CXX_FEATURE:1cxx_constexpr
    Feature record: CXX_FEATURE:1cxx_contextual_conversions
    Feature record: CXX_FEATURE:1cxx_decltype
    Feature record: CXX_FEATURE:1cxx_decltype_auto
    Feature record: CXX_FEATURE:1cxx_decltype_incomplete_return_types
    Feature record: CXX_FEATURE:1cxx_default_function_template_args
    Feature record: CXX_FEATURE:1cxx_defaulted_functions
    Feature record: CXX_FEATURE:1cxx_defaulted_move_initializers
    Feature record: CXX_FEATURE:1cxx_delegating_constructors
    Feature record: CXX_FEATURE:1cxx_deleted_functions
    Feature record: CXX_FEATURE:1cxx_digit_separators
    Feature record: CXX_FEATURE:1cxx_enum_forward_declarations
    Feature record: CXX_FEATURE:1cxx_explicit_conversions
    Feature record: CXX_FEATURE:1cxx_extended_friend_declarations
    Feature record: CXX_FEATURE:1cxx_extern_templates
    Feature record: CXX_FEATURE:1cxx_final
    Feature record: CXX_FEATURE:1cxx_func_identifier
    Feature record: CXX_FEATURE:1cxx_generalized_initializers
    Feature record: CXX_FEATURE:1cxx_generic_lambdas
    Feature record: CXX_FEATURE:1cxx_inheriting_constructors
    Feature record: CXX_FEATURE:1cxx_inline_namespaces
    Feature record: CXX_FEATURE:1cxx_lambdas
    Feature record: CXX_FEATURE:1cxx_lambda_init_captures
    Feature record: CXX_FEATURE:1cxx_local_type_template_args
    Feature record: CXX_FEATURE:1cxx_long_long_type
    Feature record: CXX_FEATURE:1cxx_noexcept
    Feature record: CXX_FEATURE:1cxx_nonstatic_member_init
    Feature record: CXX_FEATURE:1cxx_nullptr
    Feature record: CXX_FEATURE:1cxx_override
    Feature record: CXX_FEATURE:1cxx_range_for
    Feature record: CXX_FEATURE:1cxx_raw_string_literals
    Feature record: CXX_FEATURE:1cxx_reference_qualified_functions
    Feature record: CXX_FEATURE:1cxx_relaxed_constexpr
    Feature record: CXX_FEATURE:1cxx_return_type_deduction
    Feature record: CXX_FEATURE:1cxx_right_angle_brackets
    Feature record: CXX_FEATURE:1cxx_rvalue_references
    Feature record: CXX_FEATURE:1cxx_sizeof_member
    Feature record: CXX_FEATURE:1cxx_static_assert
    Feature record: CXX_FEATURE:1cxx_strong_enums
    Feature record: CXX_FEATURE:1cxx_template_template_parameters
    Feature record: CXX_FEATURE:1cxx_thread_local
    Feature record: CXX_FEATURE:1cxx_trailing_return_types
    Feature record: CXX_FEATURE:1cxx_unicode_literals
    Feature record: CXX_FEATURE:1cxx_uniform_initialization
    Feature record: CXX_FEATURE:1cxx_unrestricted_unions
    Feature record: CXX_FEATURE:1cxx_user_literals
    Feature record: CXX_FEATURE:1cxx_variable_templates
    Feature record: CXX_FEATURE:1cxx_variadic_macros
    Feature record: CXX_FEATURE:1cxx_variadic_templates


Detecting CXX [-std=c++11] compiler features compiled with the following output:
Change Dir: /home/mmd01986/Dropbox/dev/esmethods/psi4_interface/moint/CMakeFiles/CMakeTmp

Run Build Command(s):/usr/bin/make cmTC_f44ff/fast 
/usr/bin/make -f CMakeFiles/cmTC_f44ff.dir/build.make CMakeFiles/cmTC_f44ff.dir/build
make[1]: Entering directory '/home/mmd01986/Dropbox/dev/esmethods/psi4_interface/moint/CMakeFiles/CMakeTmp'
Building CXX object CMakeFiles/cmTC_f44ff.dir/feature_tests.cxx.o
/home/mmd01986/.conda/envs/p4env/bin/x86_64-conda_cos6-linux-gnu-g++    -march=native    -std=c++11 -o CMakeFiles/cmTC_f44ff.dir/feature_tests.cxx.o -c /home/mmd01986/Dropbox/dev/esmethods/psi4_interface/moint/CMakeFiles/feature_tests.cxx
Linking CXX executable cmTC_f44ff
/home/mmd01986/.conda/envs/p4env/bin/cmake -E cmake_link_script CMakeFiles/cmTC_f44ff.dir/link.txt --verbose=1
/home/mmd01986/.conda/envs/p4env/bin/x86_64-conda_cos6-linux-gnu-g++  -march=native   -Wl,-O2 -Wl,--sort-common -Wl,--as-needed -Wl,-z,relro -Wl,-z,now -Wl,--disable-new-dtags -Wl,--gc-sections  -rdynamic CMakeFiles/cmTC_f44ff.dir/feature_tests.cxx.o  -o cmTC_f44ff 
make[1]: Leaving directory '/home/mmd01986/Dropbox/dev/esmethods/psi4_interface/moint/CMakeFiles/CMakeTmp'


    Feature record: CXX_FEATURE:0cxx_aggregate_default_initializers
    Feature record: CXX_FEATURE:1cxx_alias_templates
    Feature record: CXX_FEATURE:1cxx_alignas
    Feature record: CXX_FEATURE:1cxx_alignof
    Feature record: CXX_FEATURE:1cxx_attributes
    Feature record: CXX_FEATURE:0cxx_attribute_deprecated
    Feature record: CXX_FEATURE:1cxx_auto_type
    Feature record: CXX_FEATURE:0cxx_binary_literals
    Feature record: CXX_FEATURE:1cxx_constexpr
    Feature record: CXX_FEATURE:0cxx_contextual_conversions
    Feature record: CXX_FEATURE:1cxx_decltype
    Feature record: CXX_FEATURE:0cxx_decltype_auto
    Feature record: CXX_FEATURE:1cxx_decltype_incomplete_return_types
    Feature record: CXX_FEATURE:1cxx_default_function_template_args
    Feature record: CXX_FEATURE:1cxx_defaulted_functions
    Feature record: CXX_FEATURE:1cxx_defaulted_move_initializers
    Feature record: CXX_FEATURE:1cxx_delegating_constructors
    Feature record: CXX_FEATURE:1cxx_deleted_functions
    Feature record: CXX_FEATURE:0cxx_digit_separators
    Feature record: CXX_FEATURE:1cxx_enum_forward_declarations
    Feature record: CXX_FEATURE:1cxx_explicit_conversions
    Feature record: CXX_FEATURE:1cxx_extended_friend_declarations
    Feature record: CXX_FEATURE:1cxx_extern_templates
    Feature record: CXX_FEATURE:1cxx_final
    Feature record: CXX_FEATURE:1cxx_func_identifier
    Feature record: CXX_FEATURE:1cxx_generalized_initializers
    Feature record: CXX_FEATURE:0cxx_generic_lambdas
    Feature record: CXX_FEATURE:1cxx_inheriting_constructors
    Feature record: CXX_FEATURE:1cxx_inline_namespaces
    Feature record: CXX_FEATURE:1cxx_lambdas
    Feature record: CXX_FEATURE:0cxx_lambda_init_captures
    Feature record: CXX_FEATURE:1cxx_local_type_template_args
    Feature record: CXX_FEATURE:1cxx_long_long_type
    Feature record: CXX_FEATURE:1cxx_noexcept
    Feature record: CXX_FEATURE:1cxx_nonstatic_member_init
    Feature record: CXX_FEATURE:1cxx_nullptr
    Feature record: CXX_FEATURE:1cxx_override
    Feature record: CXX_FEATURE:1cxx_range_for
    Feature record: CXX_FEATURE:1cxx_raw_string_literals
    Feature record: CXX_FEATURE:1cxx_reference_qualified_functions
    Feature record: CXX_FEATURE:0cxx_relaxed_constexpr
    Feature record: CXX_FEATURE:0cxx_return_type_deduction
    Feature record: CXX_FEATURE:1cxx_right_angle_brackets
    Feature record: CXX_FEATURE:1cxx_rvalue_references
    Feature record: CXX_FEATURE:1cxx_sizeof_member
    Feature record: CXX_FEATURE:1cxx_static_assert
    Feature record: CXX_FEATURE:1cxx_strong_enums
    Feature record: CXX_FEATURE:1cxx_template_template_parameters
    Feature record: CXX_FEATURE:1cxx_thread_local
    Feature record: CXX_FEATURE:1cxx_trailing_return_types
    Feature record: CXX_FEATURE:1cxx_unicode_literals
    Feature record: CXX_FEATURE:1cxx_uniform_initialization
    Feature record: CXX_FEATURE:1cxx_unrestricted_unions
    Feature record: CXX_FEATURE:1cxx_user_literals
    Feature record: CXX_FEATURE:0cxx_variable_templates
    Feature record: CXX_FEATURE:1cxx_variadic_macros
    Feature record: CXX_FEATURE:1cxx_variadic_templates


Detecting CXX [-std=c++98] compiler features compiled with the following output:
Change Dir: /home/mmd01986/Dropbox/dev/esmethods/psi4_interface/moint/CMakeFiles/CMakeTmp

Run Build Command(s):/usr/bin/make cmTC_0c490/fast 
/usr/bin/make -f CMakeFiles/cmTC_0c490.dir/build.make CMakeFiles/cmTC_0c490.dir/build
make[1]: Entering directory '/home/mmd01986/Dropbox/dev/esmethods/psi4_interface/moint/CMakeFiles/CMakeTmp'
Building CXX object CMakeFiles/cmTC_0c490.dir/feature_tests.cxx.o
/home/mmd01986/.conda/envs/p4env/bin/x86_64-conda_cos6-linux-gnu-g++    -march=native    -std=c++98 -o CMakeFiles/cmTC_0c490.dir/feature_tests.cxx.o -c /home/mmd01986/Dropbox/dev/esmethods/psi4_interface/moint/CMakeFiles/feature_tests.cxx
Linking CXX executable cmTC_0c490
/home/mmd01986/.conda/envs/p4env/bin/cmake -E cmake_link_script CMakeFiles/cmTC_0c490.dir/link.txt --verbose=1
/home/mmd01986/.conda/envs/p4env/bin/x86_64-conda_cos6-linux-gnu-g++  -march=native   -Wl,-O2 -Wl,--sort-common -Wl,--as-needed -Wl,-z,relro -Wl,-z,now -Wl,--disable-new-dtags -Wl,--gc-sections  -rdynamic CMakeFiles/cmTC_0c490.dir/feature_tests.cxx.o  -o cmTC_0c490 
make[1]: Leaving directory '/home/mmd01986/Dropbox/dev/esmethods/psi4_interface/moint/CMakeFiles/CMakeTmp'


    Feature record: CXX_FEATURE:0cxx_aggregate_default_initializers
    Feature record: CXX_FEATURE:0cxx_alias_templates
    Feature record: CXX_FEATURE:0cxx_alignas
    Feature record: CXX_FEATURE:0cxx_alignof
    Feature record: CXX_FEATURE:0cxx_attributes
    Feature record: CXX_FEATURE:0cxx_attribute_deprecated
    Feature record: CXX_FEATURE:0cxx_auto_type
    Feature record: CXX_FEATURE:0cxx_binary_literals
    Feature record: CXX_FEATURE:0cxx_constexpr
    Feature record: CXX_FEATURE:0cxx_contextual_conversions
    Feature record: CXX_FEATURE:0cxx_decltype
    Feature record: CXX_FEATURE:0cxx_decltype_auto
    Feature record: CXX_FEATURE:0cxx_decltype_incomplete_return_types
    Feature record: CXX_FEATURE:0cxx_default_function_template_args
    Feature record: CXX_FEATURE:0cxx_defaulted_functions
    Feature record: CXX_FEATURE:0cxx_defaulted_move_initializers
    Feature record: CXX_FEATURE:0cxx_delegating_constructors
    Feature record: CXX_FEATURE:0cxx_deleted_functions
    Feature record: CXX_FEATURE:0cxx_digit_separators
    Feature record: CXX_FEATURE:0cxx_enum_forward_declarations
    Feature record: CXX_FEATURE:0cxx_explicit_conversions
    Feature record: CXX_FEATURE:0cxx_extended_friend_declarations
    Feature record: CXX_FEATURE:0cxx_extern_templates
    Feature record: CXX_FEATURE:0cxx_final
    Feature record: CXX_FEATURE:0cxx_func_identifier
    Feature record: CXX_FEATURE:0cxx_generalized_initializers
    Feature record: CXX_FEATURE:0cxx_generic_lambdas
    Feature record: CXX_FEATURE:0cxx_inheriting_constructors
    Feature record: CXX_FEATURE:0cxx_inline_namespaces
    Feature record: CXX_FEATURE:0cxx_lambdas
    Feature record: CXX_FEATURE:0cxx_lambda_init_captures
    Feature record: CXX_FEATURE:0cxx_local_type_template_args
    Feature record: CXX_FEATURE:0cxx_long_long_type
    Feature record: CXX_FEATURE:0cxx_noexcept
    Feature record: CXX_FEATURE:0cxx_nonstatic_member_init
    Feature record: CXX_FEATURE:0cxx_nullptr
    Feature record: CXX_FEATURE:0cxx_override
    Feature record: CXX_FEATURE:0cxx_range_for
    Feature record: CXX_FEATURE:0cxx_raw_string_literals
    Feature record: CXX_FEATURE:0cxx_reference_qualified_functions
    Feature record: CXX_FEATURE:0cxx_relaxed_constexpr
    Feature record: CXX_FEATURE:0cxx_return_type_deduction
    Feature record: CXX_FEATURE:0cxx_right_angle_brackets
    Feature record: CXX_FEATURE:0cxx_rvalue_references
    Feature record: CXX_FEATURE:0cxx_sizeof_member
    Feature record: CXX_FEATURE:0cxx_static_assert
    Feature record: CXX_FEATURE:0cxx_strong_enums
    Feature record: CXX_FEATURE:1cxx_template_template_parameters
    Feature record: CXX_FEATURE:0cxx_thread_local
    Feature record: CXX_FEATURE:0cxx_trailing_return_types
    Feature record: CXX_FEATURE:0cxx_unicode_literals
    Feature record: CXX_FEATURE:0cxx_uniform_initialization
    Feature record: CXX_FEATURE:0cxx_unrestricted_unions
    Feature record: CXX_FEATURE:0cxx_user_literals
    Feature record: CXX_FEATURE:0cxx_variable_templates
    Feature record: CXX_FEATURE:0cxx_variadic_macros
    Feature record: CXX_FEATURE:0cxx_variadic_templates
Detecting CXX OpenMP compiler ABI info compiled with the following output:
Change Dir: /home/mmd01986/Dropbox/dev/esmethods/psi4_interface/moint/CMakeFiles/CMakeTmp

Run Build Command(s):/usr/bin/make cmTC_e7965/fast 
/usr/bin/make -f CMakeFiles/cmTC_e7965.dir/build.make CMakeFiles/cmTC_e7965.dir/build
make[1]: Entering directory '/home/mmd01986/Dropbox/dev/esmethods/psi4_interface/moint/CMakeFiles/CMakeTmp'
Building CXX object CMakeFiles/cmTC_e7965.dir/OpenMPTryFlag.cpp.o
/home/mmd01986/.conda/envs/p4env/bin/x86_64-conda_cos6-linux-gnu-g++    -march=native -fopenmp -v   -o CMakeFiles/cmTC_e7965.dir/OpenMPTryFlag.cpp.o -c /home/mmd01986/Dropbox/dev/esmethods/psi4_interface/moint/CMakeFiles/FindOpenMP/OpenMPTryFlag.cpp
Reading specs from /home/mmd01986/.conda/envs/p4env/bin/../lib/gcc/x86_64-conda_cos6-linux-gnu/7.3.0/specs
COLLECT_GCC=/home/mmd01986/.conda/envs/p4env/bin/x86_64-conda_cos6-linux-gnu-g++
Target: x86_64-conda_cos6-linux-gnu
Configured with: /home/rdonnelly/mc/conda-bld/compilers_linux-64_1534865402226/work/.build/x86_64-conda_cos6-linux-gnu/src/gcc/configure --build=x86_64-build_pc-linux-gnu --host=x86_64-build_pc-linux-gnu --target=x86_64-conda_cos6-linux-gnu --prefix=/home/rdonnelly/mc/conda-bld/compilers_linux-64_1534865402226/work/gcc_built --with-sysroot=/home/rdonnelly/mc/conda-bld/compilers_linux-64_1534865402226/work/gcc_built/x86_64-conda_cos6-linux-gnu/sysroot --enable-languages=c,c++,fortran,objc,obj-c++ --with-pkgversion='crosstool-NG 1.23.0.449-a04d0' --enable-__cxa_atexit --disable-libmudflap --enable-libgomp --disable-libssp --enable-libquadmath --enable-libquadmath-support --enable-libsanitizer --enable-libmpx --with-gmp=/home/rdonnelly/mc/conda-bld/compilers_linux-64_1534865402226/work/.build/x86_64-conda_cos6-linux-gnu/buildtools --with-mpfr=/home/rdonnelly/mc/conda-bld/compilers_linux-64_1534865402226/work/.build/x86_64-conda_cos6-linux-gnu/buildtools --with-mpc=/home/rdonnelly/mc/conda-bld/compilers_linux-64_1534865402226/work/.build/x86_64-conda_cos6-linux-gnu/buildtools --with-isl=/home/rdonnelly/mc/conda-bld/compilers_linux-64_1534865402226/work/.build/x86_64-conda_cos6-linux-gnu/buildtools --enable-lto --enable-threads=posix --enable-target-optspace --enable-plugin --enable-gold --disable-nls --disable-multilib --with-local-prefix=/home/rdonnelly/mc/conda-bld/compilers_linux-64_1534865402226/work/gcc_built/x86_64-conda_cos6-linux-gnu/sysroot --enable-long-long --enable-default-pie
Thread model: posix
gcc version 7.3.0 (crosstool-NG 1.23.0.449-a04d0) 
COLLECT_GCC_OPTIONS='-march=native' '-fopenmp' '-v' '-o' 'CMakeFiles/cmTC_e7965.dir/OpenMPTryFlag.cpp.o' '-c' '-shared-libgcc' '-pthread'
 /home/mmd01986/.conda/envs/p4env/bin/../libexec/gcc/x86_64-conda_cos6-linux-gnu/7.3.0/cc1plus -quiet -v -iprefix /home/mmd01986/.conda/envs/p4env/bin/../lib/gcc/x86_64-conda_cos6-linux-gnu/7.3.0/ -isysroot /home/mmd01986/.conda/envs/p4env/bin/../x86_64-conda_cos6-linux-gnu/sysroot -D_GNU_SOURCE -D_REENTRANT /home/mmd01986/Dropbox/dev/esmethods/psi4_interface/moint/CMakeFiles/FindOpenMP/OpenMPTryFlag.cpp -march=broadwell -mmmx -mno-3dnow -msse -msse2 -msse3 -mssse3 -mno-sse4a -mcx16 -msahf -mmovbe -maes -mno-sha -mpclmul -mpopcnt -mabm -mno-lwp -mfma -mno-fma4 -mno-xop -mbmi -msgx -mbmi2 -mno-tbm -mavx -mavx2 -msse4.2 -msse4.1 -mlzcnt -mrtm -mhle -mrdrnd -mf16c -mfsgsbase -mrdseed -mprfchw -madx -mfxsr -mxsave -mxsaveopt -mno-avx512f -mno-avx512er -mno-avx512cd -mno-avx512pf -mno-prefetchwt1 -mclflushopt -mxsavec -mxsaves -mno-avx512dq -mno-avx512bw -mno-avx512vl -mno-avx512ifma -mno-avx512vbmi -mno-avx5124fmaps -mno-avx5124vnniw -mno-clwb -mno-mwaitx -mno-clzero -mno-pku -mno-rdpid --param l1-cache-size=32 --param l1-cache-line-size=64 --param l2-cache-size=12288 -mtune=generic -quiet -dumpbase OpenMPTryFlag.cpp -auxbase-strip CMakeFiles/cmTC_e7965.dir/OpenMPTryFlag.cpp.o -version -fopenmp -o /tmp/ccFgC9JC.s
GNU C++14 (crosstool-NG 1.23.0.449-a04d0) version 7.3.0 (x86_64-conda_cos6-linux-gnu)
	compiled by GNU C version 4.4.7 20120313 (Red Hat 4.4.7-18), GMP version 6.1.2, MPFR version 4.0.1, MPC version 1.1.0, isl version isl-0.19-GMP

GGC heuristics: --param ggc-min-expand=100 --param ggc-min-heapsize=131072
ignoring duplicate directory "/home/mmd01986/.conda/envs/p4env/bin/../lib/gcc/../../lib/gcc/x86_64-conda_cos6-linux-gnu/7.3.0/../../../../x86_64-conda_cos6-linux-gnu/include/c++/7.3.0"
ignoring duplicate directory "/home/mmd01986/.conda/envs/p4env/bin/../lib/gcc/../../lib/gcc/x86_64-conda_cos6-linux-gnu/7.3.0/../../../../x86_64-conda_cos6-linux-gnu/include/c++/7.3.0/x86_64-conda_cos6-linux-gnu"
ignoring duplicate directory "/home/mmd01986/.conda/envs/p4env/bin/../lib/gcc/../../lib/gcc/x86_64-conda_cos6-linux-gnu/7.3.0/../../../../x86_64-conda_cos6-linux-gnu/include/c++/7.3.0/backward"
ignoring duplicate directory "/home/mmd01986/.conda/envs/p4env/bin/../lib/gcc/../../lib/gcc/x86_64-conda_cos6-linux-gnu/7.3.0/include"
ignoring nonexistent directory "/home/mmd01986/.conda/envs/p4env/bin/../x86_64-conda_cos6-linux-gnu/sysroot/home/rdonnelly/mc/conda-bld/compilers_linux-64_1534865402226/work/gcc_built/x86_64-conda_cos6-linux-gnu/sysroot/include"
ignoring duplicate directory "/home/mmd01986/.conda/envs/p4env/bin/../lib/gcc/../../lib/gcc/x86_64-conda_cos6-linux-gnu/7.3.0/include-fixed"
ignoring duplicate directory "/home/mmd01986/.conda/envs/p4env/bin/../lib/gcc/../../lib/gcc/x86_64-conda_cos6-linux-gnu/7.3.0/../../../../x86_64-conda_cos6-linux-gnu/include"
#include "..." search starts here:
#include <...> search starts here:
 /home/mmd01986/.conda/envs/p4env/bin/../lib/gcc/x86_64-conda_cos6-linux-gnu/7.3.0/../../../../x86_64-conda_cos6-linux-gnu/include/c++/7.3.0
 /home/mmd01986/.conda/envs/p4env/bin/../lib/gcc/x86_64-conda_cos6-linux-gnu/7.3.0/../../../../x86_64-conda_cos6-linux-gnu/include/c++/7.3.0/x86_64-conda_cos6-linux-gnu
 /home/mmd01986/.conda/envs/p4env/bin/../lib/gcc/x86_64-conda_cos6-linux-gnu/7.3.0/../../../../x86_64-conda_cos6-linux-gnu/include/c++/7.3.0/backward
 /home/mmd01986/.conda/envs/p4env/bin/../lib/gcc/x86_64-conda_cos6-linux-gnu/7.3.0/include
 /home/mmd01986/.conda/envs/p4env/bin/../lib/gcc/x86_64-conda_cos6-linux-gnu/7.3.0/include-fixed
 /home/mmd01986/.conda/envs/p4env/bin/../lib/gcc/x86_64-conda_cos6-linux-gnu/7.3.0/../../../../x86_64-conda_cos6-linux-gnu/include
 /home/mmd01986/.conda/envs/p4env/bin/../x86_64-conda_cos6-linux-gnu/sysroot/usr/include
End of search list.
GNU C++14 (crosstool-NG 1.23.0.449-a04d0) version 7.3.0 (x86_64-conda_cos6-linux-gnu)
	compiled by GNU C version 4.4.7 20120313 (Red Hat 4.4.7-18), GMP version 6.1.2, MPFR version 4.0.1, MPC version 1.1.0, isl version isl-0.19-GMP

GGC heuristics: --param ggc-min-expand=100 --param ggc-min-heapsize=131072
Compiler executable checksum: 2f61739646e29ad60d2358d78f3bd7b4
COLLECT_GCC_OPTIONS='-march=native' '-fopenmp' '-v' '-o' 'CMakeFiles/cmTC_e7965.dir/OpenMPTryFlag.cpp.o' '-c' '-shared-libgcc' '-pthread'
 /home/mmd01986/.conda/envs/p4env/bin/../lib/gcc/x86_64-conda_cos6-linux-gnu/7.3.0/../../../../x86_64-conda_cos6-linux-gnu/bin/as -v --64 -o CMakeFiles/cmTC_e7965.dir/OpenMPTryFlag.cpp.o /tmp/ccFgC9JC.s
GNU assembler version 2.31.1 (x86_64-conda_cos6-linux-gnu) using BFD version (crosstool-NG 1.23.0.444-4ea7) 2.31.1
COMPILER_PATH=/home/mmd01986/.conda/envs/p4env/bin/../libexec/gcc/x86_64-conda_cos6-linux-gnu/7.3.0/:/home/mmd01986/.conda/envs/p4env/bin/../libexec/gcc/:/home/mmd01986/.conda/envs/p4env/bin/../lib/gcc/x86_64-conda_cos6-linux-gnu/7.3.0/../../../../x86_64-conda_cos6-linux-gnu/bin/
LIBRARY_PATH=/home/mmd01986/.conda/envs/p4env/bin/../lib/gcc/x86_64-conda_cos6-linux-gnu/7.3.0/:/home/mmd01986/.conda/envs/p4env/bin/../lib/gcc/:/home/mmd01986/.conda/envs/p4env/bin/../lib/gcc/x86_64-conda_cos6-linux-gnu/7.3.0/../../../../x86_64-conda_cos6-linux-gnu/lib/../lib/:/home/mmd01986/.conda/envs/p4env/bin/../x86_64-conda_cos6-linux-gnu/sysroot/lib/../lib/:/home/mmd01986/.conda/envs/p4env/bin/../x86_64-conda_cos6-linux-gnu/sysroot/usr/lib/../lib/:/home/mmd01986/.conda/envs/p4env/bin/../lib/gcc/x86_64-conda_cos6-linux-gnu/7.3.0/../../../../x86_64-conda_cos6-linux-gnu/lib/:/home/mmd01986/.conda/envs/p4env/bin/../x86_64-conda_cos6-linux-gnu/sysroot/lib/:/home/mmd01986/.conda/envs/p4env/bin/../x86_64-conda_cos6-linux-gnu/sysroot/usr/lib/
COLLECT_GCC_OPTIONS='-march=native' '-fopenmp' '-v' '-o' 'CMakeFiles/cmTC_e7965.dir/OpenMPTryFlag.cpp.o' '-c' '-shared-libgcc' '-pthread'
Linking CXX executable cmTC_e7965
/home/mmd01986/.conda/envs/p4env/bin/cmake -E cmake_link_script CMakeFiles/cmTC_e7965.dir/link.txt --verbose=1
/home/mmd01986/.conda/envs/p4env/bin/x86_64-conda_cos6-linux-gnu-g++  -march=native -fopenmp -v  -Wl,-O2 -Wl,--sort-common -Wl,--as-needed -Wl,-z,relro -Wl,-z,now -Wl,--disable-new-dtags -Wl,--gc-sections  -rdynamic CMakeFiles/cmTC_e7965.dir/OpenMPTryFlag.cpp.o  -o cmTC_e7965 -v 
Reading specs from /home/mmd01986/.conda/envs/p4env/bin/../lib/gcc/x86_64-conda_cos6-linux-gnu/7.3.0/specs
COLLECT_GCC=/home/mmd01986/.conda/envs/p4env/bin/x86_64-conda_cos6-linux-gnu-g++
COLLECT_LTO_WRAPPER=/home/mmd01986/.conda/envs/p4env/bin/../libexec/gcc/x86_64-conda_cos6-linux-gnu/7.3.0/lto-wrapper
Target: x86_64-conda_cos6-linux-gnu
Configured with: /home/rdonnelly/mc/conda-bld/compilers_linux-64_1534865402226/work/.build/x86_64-conda_cos6-linux-gnu/src/gcc/configure --build=x86_64-build_pc-linux-gnu --host=x86_64-build_pc-linux-gnu --target=x86_64-conda_cos6-linux-gnu --prefix=/home/rdonnelly/mc/conda-bld/compilers_linux-64_1534865402226/work/gcc_built --with-sysroot=/home/rdonnelly/mc/conda-bld/compilers_linux-64_1534865402226/work/gcc_built/x86_64-conda_cos6-linux-gnu/sysroot --enable-languages=c,c++,fortran,objc,obj-c++ --with-pkgversion='crosstool-NG 1.23.0.449-a04d0' --enable-__cxa_atexit --disable-libmudflap --enable-libgomp --disable-libssp --enable-libquadmath --enable-libquadmath-support --enable-libsanitizer --enable-libmpx --with-gmp=/home/rdonnelly/mc/conda-bld/compilers_linux-64_1534865402226/work/.build/x86_64-conda_cos6-linux-gnu/buildtools --with-mpfr=/home/rdonnelly/mc/conda-bld/compilers_linux-64_1534865402226/work/.build/x86_64-conda_cos6-linux-gnu/buildtools --with-mpc=/home/rdonnelly/mc/conda-bld/compilers_linux-64_1534865402226/work/.build/x86_64-conda_cos6-linux-gnu/buildtools --with-isl=/home/rdonnelly/mc/conda-bld/compilers_linux-64_1534865402226/work/.build/x86_64-conda_cos6-linux-gnu/buildtools --enable-lto --enable-threads=posix --enable-target-optspace --enable-plugin --enable-gold --disable-nls --disable-multilib --with-local-prefix=/home/rdonnelly/mc/conda-bld/compilers_linux-64_1534865402226/work/gcc_built/x86_64-conda_cos6-linux-gnu/sysroot --enable-long-long --enable-default-pie
Thread model: posix
gcc version 7.3.0 (crosstool-NG 1.23.0.449-a04d0) 
COMPILER_PATH=/home/mmd01986/.conda/envs/p4env/bin/../libexec/gcc/x86_64-conda_cos6-linux-gnu/7.3.0/:/home/mmd01986/.conda/envs/p4env/bin/../libexec/gcc/:/home/mmd01986/.conda/envs/p4env/bin/../lib/gcc/x86_64-conda_cos6-linux-gnu/7.3.0/../../../../x86_64-conda_cos6-linux-gnu/bin/
LIBRARY_PATH=/home/mmd01986/.conda/envs/p4env/bin/../lib/gcc/x86_64-conda_cos6-linux-gnu/7.3.0/:/home/mmd01986/.conda/envs/p4env/bin/../lib/gcc/:/home/mmd01986/.conda/envs/p4env/bin/../lib/gcc/x86_64-conda_cos6-linux-gnu/7.3.0/../../../../x86_64-conda_cos6-linux-gnu/lib/../lib/:/home/mmd01986/.conda/envs/p4env/bin/../x86_64-conda_cos6-linux-gnu/sysroot/lib/../lib/:/home/mmd01986/.conda/envs/p4env/bin/../x86_64-conda_cos6-linux-gnu/sysroot/usr/lib/../lib/:/home/mmd01986/.conda/envs/p4env/bin/../lib/gcc/x86_64-conda_cos6-linux-gnu/7.3.0/../../../../x86_64-conda_cos6-linux-gnu/lib/:/home/mmd01986/.conda/envs/p4env/bin/../x86_64-conda_cos6-linux-gnu/sysroot/lib/:/home/mmd01986/.conda/envs/p4env/bin/../x86_64-conda_cos6-linux-gnu/sysroot/usr/lib/
Reading specs from /home/mmd01986/.conda/envs/p4env/bin/../lib/gcc/x86_64-conda_cos6-linux-gnu/7.3.0/../../../../x86_64-conda_cos6-linux-gnu/lib/../lib/libgomp.spec
COLLECT_GCC_OPTIONS='-march=native' '-fopenmp' '-v' '-rdynamic' '-o' 'cmTC_e7965' '-v' '-shared-libgcc' '-pthread'
 /home/mmd01986/.conda/envs/p4env/bin/../libexec/gcc/x86_64-conda_cos6-linux-gnu/7.3.0/collect2 -plugin /home/mmd01986/.conda/envs/p4env/bin/../libexec/gcc/x86_64-conda_cos6-linux-gnu/7.3.0/liblto_plugin.so -plugin-opt=/home/mmd01986/.conda/envs/p4env/bin/../libexec/gcc/x86_64-conda_cos6-linux-gnu/7.3.0/lto-wrapper -plugin-opt=-fresolution=/tmp/ccyWGI1E.res -plugin-opt=-pass-through=-lgcc_s -plugin-opt=-pass-through=-lgcc -plugin-opt=-pass-through=-lpthread -plugin-opt=-pass-through=-lc -plugin-opt=-pass-through=-lgcc_s -plugin-opt=-pass-through=-lgcc --sysroot=/home/mmd01986/.conda/envs/p4env/bin/../x86_64-conda_cos6-linux-gnu/sysroot --eh-frame-hdr -m elf_x86_64 -export-dynamic -dynamic-linker /lib64/ld-linux-x86-64.so.2 -pie -o cmTC_e7965 /home/mmd01986/.conda/envs/p4env/bin/../x86_64-conda_cos6-linux-gnu/sysroot/usr/lib/../lib/Scrt1.o /home/mmd01986/.conda/envs/p4env/bin/../x86_64-conda_cos6-linux-gnu/sysroot/usr/lib/../lib/crti.o /home/mmd01986/.conda/envs/p4env/bin/../lib/gcc/x86_64-conda_cos6-linux-gnu/7.3.0/crtbeginS.o -L/home/mmd01986/.conda/envs/p4env/bin/../lib/gcc/x86_64-conda_cos6-linux-gnu/7.3.0 -L/home/mmd01986/.conda/envs/p4env/bin/../lib/gcc -L/home/mmd01986/.conda/envs/p4env/bin/../lib/gcc/x86_64-conda_cos6-linux-gnu/7.3.0/../../../../x86_64-conda_cos6-linux-gnu/lib/../lib -L/home/mmd01986/.conda/envs/p4env/bin/../x86_64-conda_cos6-linux-gnu/sysroot/lib/../lib -L/home/mmd01986/.conda/envs/p4env/bin/../x86_64-conda_cos6-linux-gnu/sysroot/usr/lib/../lib -L/home/mmd01986/.conda/envs/p4env/bin/../lib/gcc/x86_64-conda_cos6-linux-gnu/7.3.0/../../../../x86_64-conda_cos6-linux-gnu/lib -L/home/mmd01986/.conda/envs/p4env/bin/../x86_64-conda_cos6-linux-gnu/sysroot/lib -L/home/mmd01986/.conda/envs/p4env/bin/../x86_64-conda_cos6-linux-gnu/sysroot/usr/lib -rpath /home/mmd01986/.conda/envs/p4env/lib -O2 --sort-common --as-needed -z relro -z now --disable-new-dtags --gc-sections CMakeFiles/cmTC_e7965.dir/OpenMPTryFlag.cpp.o -lstdc++ -lm -lgomp -lgcc_s -lgcc -lpthread -lc -lgcc_s -lgcc /home/mmd01986/.conda/envs/p4env/bin/../lib/gcc/x86_64-conda_cos6-linux-gnu/7.3.0/crtendS.o /home/mmd01986/.conda/envs/p4env/bin/../x86_64-conda_cos6-linux-gnu/sysroot/usr/lib/../lib/crtn.o
COLLECT_GCC_OPTIONS='-march=native' '-fopenmp' '-v' '-rdynamic' '-o' 'cmTC_e7965' '-v' '-shared-libgcc' '-pthread'
make[1]: Leaving directory '/home/mmd01986/Dropbox/dev/esmethods/psi4_interface/moint/CMakeFiles/CMakeTmp'


Parsed CXX OpenMP implicit link information from above output:
  link line regex: [^( *|.*[/\])(ld|CMAKE_LINK_STARTFILE-NOTFOUND|([^/\]+-)?ld|collect2)[^/\]*( |$)]
  ignore line: [Change Dir: /home/mmd01986/Dropbox/dev/esmethods/psi4_interface/moint/CMakeFiles/CMakeTmp]
  ignore line: []
  ignore line: [Run Build Command(s):/usr/bin/make cmTC_e7965/fast ]
  ignore line: [/usr/bin/make -f CMakeFiles/cmTC_e7965.dir/build.make CMakeFiles/cmTC_e7965.dir/build]
  ignore line: [make[1]: Entering directory '/home/mmd01986/Dropbox/dev/esmethods/psi4_interface/moint/CMakeFiles/CMakeTmp']
  ignore line: [Building CXX object CMakeFiles/cmTC_e7965.dir/OpenMPTryFlag.cpp.o]
  ignore line: [/home/mmd01986/.conda/envs/p4env/bin/x86_64-conda_cos6-linux-gnu-g++    -march=native -fopenmp -v   -o CMakeFiles/cmTC_e7965.dir/OpenMPTryFlag.cpp.o -c /home/mmd01986/Dropbox/dev/esmethods/psi4_interface/moint/CMakeFiles/FindOpenMP/OpenMPTryFlag.cpp]
  ignore line: [Reading specs from /home/mmd01986/.conda/envs/p4env/bin/../lib/gcc/x86_64-conda_cos6-linux-gnu/7.3.0/specs]
  ignore line: [COLLECT_GCC=/home/mmd01986/.conda/envs/p4env/bin/x86_64-conda_cos6-linux-gnu-g++]
  ignore line: [Target: x86_64-conda_cos6-linux-gnu]
  ignore line: [Configured with: /home/rdonnelly/mc/conda-bld/compilers_linux-64_1534865402226/work/.build/x86_64-conda_cos6-linux-gnu/src/gcc/configure --build=x86_64-build_pc-linux-gnu --host=x86_64-build_pc-linux-gnu --target=x86_64-conda_cos6-linux-gnu --prefix=/home/rdonnelly/mc/conda-bld/compilers_linux-64_1534865402226/work/gcc_built --with-sysroot=/home/rdonnelly/mc/conda-bld/compilers_linux-64_1534865402226/work/gcc_built/x86_64-conda_cos6-linux-gnu/sysroot --enable-languages=c,c++,fortran,objc,obj-c++ --with-pkgversion='crosstool-NG 1.23.0.449-a04d0' --enable-__cxa_atexit --disable-libmudflap --enable-libgomp --disable-libssp --enable-libquadmath --enable-libquadmath-support --enable-libsanitizer --enable-libmpx --with-gmp=/home/rdonnelly/mc/conda-bld/compilers_linux-64_1534865402226/work/.build/x86_64-conda_cos6-linux-gnu/buildtools --with-mpfr=/home/rdonnelly/mc/conda-bld/compilers_linux-64_1534865402226/work/.build/x86_64-conda_cos6-linux-gnu/buildtools --with-mpc=/home/rdonnelly/mc/conda-bld/compilers_linux-64_1534865402226/work/.build/x86_64-conda_cos6-linux-gnu/buildtools --with-isl=/home/rdonnelly/mc/conda-bld/compilers_linux-64_1534865402226/work/.build/x86_64-conda_cos6-linux-gnu/buildtools --enable-lto --enable-threads=posix --enable-target-optspace --enable-plugin --enable-gold --disable-nls --disable-multilib --with-local-prefix=/home/rdonnelly/mc/conda-bld/compilers_linux-64_1534865402226/work/gcc_built/x86_64-conda_cos6-linux-gnu/sysroot --enable-long-long --enable-default-pie]
  ignore line: [Thread model: posix]
  ignore line: [gcc version 7.3.0 (crosstool-NG 1.23.0.449-a04d0) ]
  ignore line: [COLLECT_GCC_OPTIONS='-march=native' '-fopenmp' '-v' '-o' 'CMakeFiles/cmTC_e7965.dir/OpenMPTryFlag.cpp.o' '-c' '-shared-libgcc' '-pthread']
  ignore line: [ /home/mmd01986/.conda/envs/p4env/bin/../libexec/gcc/x86_64-conda_cos6-linux-gnu/7.3.0/cc1plus -quiet -v -iprefix /home/mmd01986/.conda/envs/p4env/bin/../lib/gcc/x86_64-conda_cos6-linux-gnu/7.3.0/ -isysroot /home/mmd01986/.conda/envs/p4env/bin/../x86_64-conda_cos6-linux-gnu/sysroot -D_GNU_SOURCE -D_REENTRANT /home/mmd01986/Dropbox/dev/esmethods/psi4_interface/moint/CMakeFiles/FindOpenMP/OpenMPTryFlag.cpp -march=broadwell -mmmx -mno-3dnow -msse -msse2 -msse3 -mssse3 -mno-sse4a -mcx16 -msahf -mmovbe -maes -mno-sha -mpclmul -mpopcnt -mabm -mno-lwp -mfma -mno-fma4 -mno-xop -mbmi -msgx -mbmi2 -mno-tbm -mavx -mavx2 -msse4.2 -msse4.1 -mlzcnt -mrtm -mhle -mrdrnd -mf16c -mfsgsbase -mrdseed -mprfchw -madx -mfxsr -mxsave -mxsaveopt -mno-avx512f -mno-avx512er -mno-avx512cd -mno-avx512pf -mno-prefetchwt1 -mclflushopt -mxsavec -mxsaves -mno-avx512dq -mno-avx512bw -mno-avx512vl -mno-avx512ifma -mno-avx512vbmi -mno-avx5124fmaps -mno-avx5124vnniw -mno-clwb -mno-mwaitx -mno-clzero -mno-pku -mno-rdpid --param l1-cache-size=32 --param l1-cache-line-size=64 --param l2-cache-size=12288 -mtune=generic -quiet -dumpbase OpenMPTryFlag.cpp -auxbase-strip CMakeFiles/cmTC_e7965.dir/OpenMPTryFlag.cpp.o -version -fopenmp -o /tmp/ccFgC9JC.s]
  ignore line: [GNU C++14 (crosstool-NG 1.23.0.449-a04d0) version 7.3.0 (x86_64-conda_cos6-linux-gnu)]
  ignore line: [	compiled by GNU C version 4.4.7 20120313 (Red Hat 4.4.7-18), GMP version 6.1.2, MPFR version 4.0.1, MPC version 1.1.0, isl version isl-0.19-GMP]
  ignore line: []
  ignore line: [GGC heuristics: --param ggc-min-expand=100 --param ggc-min-heapsize=131072]
  ignore line: [ignoring duplicate directory "/home/mmd01986/.conda/envs/p4env/bin/../lib/gcc/../../lib/gcc/x86_64-conda_cos6-linux-gnu/7.3.0/../../../../x86_64-conda_cos6-linux-gnu/include/c++/7.3.0"]
  ignore line: [ignoring duplicate directory "/home/mmd01986/.conda/envs/p4env/bin/../lib/gcc/../../lib/gcc/x86_64-conda_cos6-linux-gnu/7.3.0/../../../../x86_64-conda_cos6-linux-gnu/include/c++/7.3.0/x86_64-conda_cos6-linux-gnu"]
  ignore line: [ignoring duplicate directory "/home/mmd01986/.conda/envs/p4env/bin/../lib/gcc/../../lib/gcc/x86_64-conda_cos6-linux-gnu/7.3.0/../../../../x86_64-conda_cos6-linux-gnu/include/c++/7.3.0/backward"]
  ignore line: [ignoring duplicate directory "/home/mmd01986/.conda/envs/p4env/bin/../lib/gcc/../../lib/gcc/x86_64-conda_cos6-linux-gnu/7.3.0/include"]
  ignore line: [ignoring nonexistent directory "/home/mmd01986/.conda/envs/p4env/bin/../x86_64-conda_cos6-linux-gnu/sysroot/home/rdonnelly/mc/conda-bld/compilers_linux-64_1534865402226/work/gcc_built/x86_64-conda_cos6-linux-gnu/sysroot/include"]
  ignore line: [ignoring duplicate directory "/home/mmd01986/.conda/envs/p4env/bin/../lib/gcc/../../lib/gcc/x86_64-conda_cos6-linux-gnu/7.3.0/include-fixed"]
  ignore line: [ignoring duplicate directory "/home/mmd01986/.conda/envs/p4env/bin/../lib/gcc/../../lib/gcc/x86_64-conda_cos6-linux-gnu/7.3.0/../../../../x86_64-conda_cos6-linux-gnu/include"]
  ignore line: [#include "..." search starts here:]
  ignore line: [#include <...> search starts here:]
  ignore line: [ /home/mmd01986/.conda/envs/p4env/bin/../lib/gcc/x86_64-conda_cos6-linux-gnu/7.3.0/../../../../x86_64-conda_cos6-linux-gnu/include/c++/7.3.0]
  ignore line: [ /home/mmd01986/.conda/envs/p4env/bin/../lib/gcc/x86_64-conda_cos6-linux-gnu/7.3.0/../../../../x86_64-conda_cos6-linux-gnu/include/c++/7.3.0/x86_64-conda_cos6-linux-gnu]
  ignore line: [ /home/mmd01986/.conda/envs/p4env/bin/../lib/gcc/x86_64-conda_cos6-linux-gnu/7.3.0/../../../../x86_64-conda_cos6-linux-gnu/include/c++/7.3.0/backward]
  ignore line: [ /home/mmd01986/.conda/envs/p4env/bin/../lib/gcc/x86_64-conda_cos6-linux-gnu/7.3.0/include]
  ignore line: [ /home/mmd01986/.conda/envs/p4env/bin/../lib/gcc/x86_64-conda_cos6-linux-gnu/7.3.0/include-fixed]
  ignore line: [ /home/mmd01986/.conda/envs/p4env/bin/../lib/gcc/x86_64-conda_cos6-linux-gnu/7.3.0/../../../../x86_64-conda_cos6-linux-gnu/include]
  ignore line: [ /home/mmd01986/.conda/envs/p4env/bin/../x86_64-conda_cos6-linux-gnu/sysroot/usr/include]
  ignore line: [End of search list.]
  ignore line: [GNU C++14 (crosstool-NG 1.23.0.449-a04d0) version 7.3.0 (x86_64-conda_cos6-linux-gnu)]
  ignore line: [	compiled by GNU C version 4.4.7 20120313 (Red Hat 4.4.7-18), GMP version 6.1.2, MPFR version 4.0.1, MPC version 1.1.0, isl version isl-0.19-GMP]
  ignore line: []
  ignore line: [GGC heuristics: --param ggc-min-expand=100 --param ggc-min-heapsize=131072]
  ignore line: [Compiler executable checksum: 2f61739646e29ad60d2358d78f3bd7b4]
  ignore line: [COLLECT_GCC_OPTIONS='-march=native' '-fopenmp' '-v' '-o' 'CMakeFiles/cmTC_e7965.dir/OpenMPTryFlag.cpp.o' '-c' '-shared-libgcc' '-pthread']
  ignore line: [ /home/mmd01986/.conda/envs/p4env/bin/../lib/gcc/x86_64-conda_cos6-linux-gnu/7.3.0/../../../../x86_64-conda_cos6-linux-gnu/bin/as -v --64 -o CMakeFiles/cmTC_e7965.dir/OpenMPTryFlag.cpp.o /tmp/ccFgC9JC.s]
  ignore line: [GNU assembler version 2.31.1 (x86_64-conda_cos6-linux-gnu) using BFD version (crosstool-NG 1.23.0.444-4ea7) 2.31.1]
  ignore line: [COMPILER_PATH=/home/mmd01986/.conda/envs/p4env/bin/../libexec/gcc/x86_64-conda_cos6-linux-gnu/7.3.0/:/home/mmd01986/.conda/envs/p4env/bin/../libexec/gcc/:/home/mmd01986/.conda/envs/p4env/bin/../lib/gcc/x86_64-conda_cos6-linux-gnu/7.3.0/../../../../x86_64-conda_cos6-linux-gnu/bin/]
  ignore line: [LIBRARY_PATH=/home/mmd01986/.conda/envs/p4env/bin/../lib/gcc/x86_64-conda_cos6-linux-gnu/7.3.0/:/home/mmd01986/.conda/envs/p4env/bin/../lib/gcc/:/home/mmd01986/.conda/envs/p4env/bin/../lib/gcc/x86_64-conda_cos6-linux-gnu/7.3.0/../../../../x86_64-conda_cos6-linux-gnu/lib/../lib/:/home/mmd01986/.conda/envs/p4env/bin/../x86_64-conda_cos6-linux-gnu/sysroot/lib/../lib/:/home/mmd01986/.conda/envs/p4env/bin/../x86_64-conda_cos6-linux-gnu/sysroot/usr/lib/../lib/:/home/mmd01986/.conda/envs/p4env/bin/../lib/gcc/x86_64-conda_cos6-linux-gnu/7.3.0/../../../../x86_64-conda_cos6-linux-gnu/lib/:/home/mmd01986/.conda/envs/p4env/bin/../x86_64-conda_cos6-linux-gnu/sysroot/lib/:/home/mmd01986/.conda/envs/p4env/bin/../x86_64-conda_cos6-linux-gnu/sysroot/usr/lib/]
  ignore line: [COLLECT_GCC_OPTIONS='-march=native' '-fopenmp' '-v' '-o' 'CMakeFiles/cmTC_e7965.dir/OpenMPTryFlag.cpp.o' '-c' '-shared-libgcc' '-pthread']
  ignore line: [Linking CXX executable cmTC_e7965]
  ignore line: [/home/mmd01986/.conda/envs/p4env/bin/cmake -E cmake_link_script CMakeFiles/cmTC_e7965.dir/link.txt --verbose=1]
  ignore line: [/home/mmd01986/.conda/envs/p4env/bin/x86_64-conda_cos6-linux-gnu-g++  -march=native -fopenmp -v  -Wl,-O2 -Wl,--sort-common -Wl,--as-needed -Wl,-z,relro -Wl,-z,now -Wl,--disable-new-dtags -Wl,--gc-sections  -rdynamic CMakeFiles/cmTC_e7965.dir/OpenMPTryFlag.cpp.o  -o cmTC_e7965 -v ]
  ignore line: [Reading specs from /home/mmd01986/.conda/envs/p4env/bin/../lib/gcc/x86_64-conda_cos6-linux-gnu/7.3.0/specs]
  ignore line: [COLLECT_GCC=/home/mmd01986/.conda/envs/p4env/bin/x86_64-conda_cos6-linux-gnu-g++]
  ignore line: [COLLECT_LTO_WRAPPER=/home/mmd01986/.conda/envs/p4env/bin/../libexec/gcc/x86_64-conda_cos6-linux-gnu/7.3.0/lto-wrapper]
  ignore line: [Target: x86_64-conda_cos6-linux-gnu]
  ignore line: [Configured with: /home/rdonnelly/mc/conda-bld/compilers_linux-64_1534865402226/work/.build/x86_64-conda_cos6-linux-gnu/src/gcc/configure --build=x86_64-build_pc-linux-gnu --host=x86_64-build_pc-linux-gnu --target=x86_64-conda_cos6-linux-gnu --prefix=/home/rdonnelly/mc/conda-bld/compilers_linux-64_1534865402226/work/gcc_built --with-sysroot=/home/rdonnelly/mc/conda-bld/compilers_linux-64_1534865402226/work/gcc_built/x86_64-conda_cos6-linux-gnu/sysroot --enable-languages=c,c++,fortran,objc,obj-c++ --with-pkgversion='crosstool-NG 1.23.0.449-a04d0' --enable-__cxa_atexit --disable-libmudflap --enable-libgomp --disable-libssp --enable-libquadmath --enable-libquadmath-support --enable-libsanitizer --enable-libmpx --with-gmp=/home/rdonnelly/mc/conda-bld/compilers_linux-64_1534865402226/work/.build/x86_64-conda_cos6-linux-gnu/buildtools --with-mpfr=/home/rdonnelly/mc/conda-bld/compilers_linux-64_1534865402226/work/.build/x86_64-conda_cos6-linux-gnu/buildtools --with-mpc=/home/rdonnelly/mc/conda-bld/compilers_linux-64_1534865402226/work/.build/x86_64-conda_cos6-linux-gnu/buildtools --with-isl=/home/rdonnelly/mc/conda-bld/compilers_linux-64_1534865402226/work/.build/x86_64-conda_cos6-linux-gnu/buildtools --enable-lto --enable-threads=posix --enable-target-optspace --enable-plugin --enable-gold --disable-nls --disable-multilib --with-local-prefix=/home/rdonnelly/mc/conda-bld/compilers_linux-64_1534865402226/work/gcc_built/x86_64-conda_cos6-linux-gnu/sysroot --enable-long-long --enable-default-pie]
  ignore line: [Thread model: posix]
  ignore line: [gcc version 7.3.0 (crosstool-NG 1.23.0.449-a04d0) ]
  ignore line: [COMPILER_PATH=/home/mmd01986/.conda/envs/p4env/bin/../libexec/gcc/x86_64-conda_cos6-linux-gnu/7.3.0/:/home/mmd01986/.conda/envs/p4env/bin/../libexec/gcc/:/home/mmd01986/.conda/envs/p4env/bin/../lib/gcc/x86_64-conda_cos6-linux-gnu/7.3.0/../../../../x86_64-conda_cos6-linux-gnu/bin/]
  ignore line: [LIBRARY_PATH=/home/mmd01986/.conda/envs/p4env/bin/../lib/gcc/x86_64-conda_cos6-linux-gnu/7.3.0/:/home/mmd01986/.conda/envs/p4env/bin/../lib/gcc/:/home/mmd01986/.conda/envs/p4env/bin/../lib/gcc/x86_64-conda_cos6-linux-gnu/7.3.0/../../../../x86_64-conda_cos6-linux-gnu/lib/../lib/:/home/mmd01986/.conda/envs/p4env/bin/../x86_64-conda_cos6-linux-gnu/sysroot/lib/../lib/:/home/mmd01986/.conda/envs/p4env/bin/../x86_64-conda_cos6-linux-gnu/sysroot/usr/lib/../lib/:/home/mmd01986/.conda/envs/p4env/bin/../lib/gcc/x86_64-conda_cos6-linux-gnu/7.3.0/../../../../x86_64-conda_cos6-linux-gnu/lib/:/home/mmd01986/.conda/envs/p4env/bin/../x86_64-conda_cos6-linux-gnu/sysroot/lib/:/home/mmd01986/.conda/envs/p4env/bin/../x86_64-conda_cos6-linux-gnu/sysroot/usr/lib/]
  ignore line: [Reading specs from /home/mmd01986/.conda/envs/p4env/bin/../lib/gcc/x86_64-conda_cos6-linux-gnu/7.3.0/../../../../x86_64-conda_cos6-linux-gnu/lib/../lib/libgomp.spec]
  ignore line: [COLLECT_GCC_OPTIONS='-march=native' '-fopenmp' '-v' '-rdynamic' '-o' 'cmTC_e7965' '-v' '-shared-libgcc' '-pthread']
  link line: [ /home/mmd01986/.conda/envs/p4env/bin/../libexec/gcc/x86_64-conda_cos6-linux-gnu/7.3.0/collect2 -plugin /home/mmd01986/.conda/envs/p4env/bin/../libexec/gcc/x86_64-conda_cos6-linux-gnu/7.3.0/liblto_plugin.so -plugin-opt=/home/mmd01986/.conda/envs/p4env/bin/../libexec/gcc/x86_64-conda_cos6-linux-gnu/7.3.0/lto-wrapper -plugin-opt=-fresolution=/tmp/ccyWGI1E.res -plugin-opt=-pass-through=-lgcc_s -plugin-opt=-pass-through=-lgcc -plugin-opt=-pass-through=-lpthread -plugin-opt=-pass-through=-lc -plugin-opt=-pass-through=-lgcc_s -plugin-opt=-pass-through=-lgcc --sysroot=/home/mmd01986/.conda/envs/p4env/bin/../x86_64-conda_cos6-linux-gnu/sysroot --eh-frame-hdr -m elf_x86_64 -export-dynamic -dynamic-linker /lib64/ld-linux-x86-64.so.2 -pie -o cmTC_e7965 /home/mmd01986/.conda/envs/p4env/bin/../x86_64-conda_cos6-linux-gnu/sysroot/usr/lib/../lib/Scrt1.o /home/mmd01986/.conda/envs/p4env/bin/../x86_64-conda_cos6-linux-gnu/sysroot/usr/lib/../lib/crti.o /home/mmd01986/.conda/envs/p4env/bin/../lib/gcc/x86_64-conda_cos6-linux-gnu/7.3.0/crtbeginS.o -L/home/mmd01986/.conda/envs/p4env/bin/../lib/gcc/x86_64-conda_cos6-linux-gnu/7.3.0 -L/home/mmd01986/.conda/envs/p4env/bin/../lib/gcc -L/home/mmd01986/.conda/envs/p4env/bin/../lib/gcc/x86_64-conda_cos6-linux-gnu/7.3.0/../../../../x86_64-conda_cos6-linux-gnu/lib/../lib -L/home/mmd01986/.conda/envs/p4env/bin/../x86_64-conda_cos6-linux-gnu/sysroot/lib/../lib -L/home/mmd01986/.conda/envs/p4env/bin/../x86_64-conda_cos6-linux-gnu/sysroot/usr/lib/../lib -L/home/mmd01986/.conda/envs/p4env/bin/../lib/gcc/x86_64-conda_cos6-linux-gnu/7.3.0/../../../../x86_64-conda_cos6-linux-gnu/lib -L/home/mmd01986/.conda/envs/p4env/bin/../x86_64-conda_cos6-linux-gnu/sysroot/lib -L/home/mmd01986/.conda/envs/p4env/bin/../x86_64-conda_cos6-linux-gnu/sysroot/usr/lib -rpath /home/mmd01986/.conda/envs/p4env/lib -O2 --sort-common --as-needed -z relro -z now --disable-new-dtags --gc-sections CMakeFiles/cmTC_e7965.dir/OpenMPTryFlag.cpp.o -lstdc++ -lm -lgomp -lgcc_s -lgcc -lpthread -lc -lgcc_s -lgcc /home/mmd01986/.conda/envs/p4env/bin/../lib/gcc/x86_64-conda_cos6-linux-gnu/7.3.0/crtendS.o /home/mmd01986/.conda/envs/p4env/bin/../x86_64-conda_cos6-linux-gnu/sysroot/usr/lib/../lib/crtn.o]
    arg [/home/mmd01986/.conda/envs/p4env/bin/../libexec/gcc/x86_64-conda_cos6-linux-gnu/7.3.0/collect2] ==> ignore
    arg [-plugin] ==> ignore
    arg [/home/mmd01986/.conda/envs/p4env/bin/../libexec/gcc/x86_64-conda_cos6-linux-gnu/7.3.0/liblto_plugin.so] ==> ignore
    arg [-plugin-opt=/home/mmd01986/.conda/envs/p4env/bin/../libexec/gcc/x86_64-conda_cos6-linux-gnu/7.3.0/lto-wrapper] ==> ignore
    arg [-plugin-opt=-fresolution=/tmp/ccyWGI1E.res] ==> ignore
    arg [-plugin-opt=-pass-through=-lgcc_s] ==> ignore
    arg [-plugin-opt=-pass-through=-lgcc] ==> ignore
    arg [-plugin-opt=-pass-through=-lpthread] ==> ignore
    arg [-plugin-opt=-pass-through=-lc] ==> ignore
    arg [-plugin-opt=-pass-through=-lgcc_s] ==> ignore
    arg [-plugin-opt=-pass-through=-lgcc] ==> ignore
    arg [--sysroot=/home/mmd01986/.conda/envs/p4env/bin/../x86_64-conda_cos6-linux-gnu/sysroot] ==> ignore
    arg [--eh-frame-hdr] ==> ignore
    arg [-m] ==> ignore
    arg [elf_x86_64] ==> ignore
    arg [-export-dynamic] ==> ignore
    arg [-dynamic-linker] ==> ignore
    arg [/lib64/ld-linux-x86-64.so.2] ==> ignore
    arg [-pie] ==> ignore
    arg [-o] ==> ignore
    arg [cmTC_e7965] ==> ignore
    arg [/home/mmd01986/.conda/envs/p4env/bin/../x86_64-conda_cos6-linux-gnu/sysroot/usr/lib/../lib/Scrt1.o] ==> ignore
    arg [/home/mmd01986/.conda/envs/p4env/bin/../x86_64-conda_cos6-linux-gnu/sysroot/usr/lib/../lib/crti.o] ==> ignore
    arg [/home/mmd01986/.conda/envs/p4env/bin/../lib/gcc/x86_64-conda_cos6-linux-gnu/7.3.0/crtbeginS.o] ==> ignore
    arg [-L/home/mmd01986/.conda/envs/p4env/bin/../lib/gcc/x86_64-conda_cos6-linux-gnu/7.3.0] ==> dir [/home/mmd01986/.conda/envs/p4env/bin/../lib/gcc/x86_64-conda_cos6-linux-gnu/7.3.0]
    arg [-L/home/mmd01986/.conda/envs/p4env/bin/../lib/gcc] ==> dir [/home/mmd01986/.conda/envs/p4env/bin/../lib/gcc]
    arg [-L/home/mmd01986/.conda/envs/p4env/bin/../lib/gcc/x86_64-conda_cos6-linux-gnu/7.3.0/../../../../x86_64-conda_cos6-linux-gnu/lib/../lib] ==> dir [/home/mmd01986/.conda/envs/p4env/bin/../lib/gcc/x86_64-conda_cos6-linux-gnu/7.3.0/../../../../x86_64-conda_cos6-linux-gnu/lib/../lib]
    arg [-L/home/mmd01986/.conda/envs/p4env/bin/../x86_64-conda_cos6-linux-gnu/sysroot/lib/../lib] ==> dir [/home/mmd01986/.conda/envs/p4env/bin/../x86_64-conda_cos6-linux-gnu/sysroot/lib/../lib]
    arg [-L/home/mmd01986/.conda/envs/p4env/bin/../x86_64-conda_cos6-linux-gnu/sysroot/usr/lib/../lib] ==> dir [/home/mmd01986/.conda/envs/p4env/bin/../x86_64-conda_cos6-linux-gnu/sysroot/usr/lib/../lib]
    arg [-L/home/mmd01986/.conda/envs/p4env/bin/../lib/gcc/x86_64-conda_cos6-linux-gnu/7.3.0/../../../../x86_64-conda_cos6-linux-gnu/lib] ==> dir [/home/mmd01986/.conda/envs/p4env/bin/../lib/gcc/x86_64-conda_cos6-linux-gnu/7.3.0/../../../../x86_64-conda_cos6-linux-gnu/lib]
    arg [-L/home/mmd01986/.conda/envs/p4env/bin/../x86_64-conda_cos6-linux-gnu/sysroot/lib] ==> dir [/home/mmd01986/.conda/envs/p4env/bin/../x86_64-conda_cos6-linux-gnu/sysroot/lib]
    arg [-L/home/mmd01986/.conda/envs/p4env/bin/../x86_64-conda_cos6-linux-gnu/sysroot/usr/lib] ==> dir [/home/mmd01986/.conda/envs/p4env/bin/../x86_64-conda_cos6-linux-gnu/sysroot/usr/lib]
    arg [-rpath] ==> ignore
    arg [/home/mmd01986/.conda/envs/p4env/lib] ==> ignore
    arg [-O2] ==> ignore
    arg [--sort-common] ==> ignore
    arg [--as-needed] ==> ignore
    arg [-zrelro] ==> ignore
    arg [-znow] ==> ignore
    arg [--disable-new-dtags] ==> ignore
    arg [--gc-sections] ==> ignore
    arg [CMakeFiles/cmTC_e7965.dir/OpenMPTryFlag.cpp.o] ==> ignore
    arg [-lstdc++] ==> lib [stdc++]
    arg [-lm] ==> lib [m]
    arg [-lgomp] ==> lib [gomp]
    arg [-lgcc_s] ==> lib [gcc_s]
    arg [-lgcc] ==> lib [gcc]
    arg [-lpthread] ==> lib [pthread]
    arg [-lc] ==> lib [c]
    arg [-lgcc_s] ==> lib [gcc_s]
    arg [-lgcc] ==> lib [gcc]
    arg [/home/mmd01986/.conda/envs/p4env/bin/../lib/gcc/x86_64-conda_cos6-linux-gnu/7.3.0/crtendS.o] ==> ignore
    arg [/home/mmd01986/.conda/envs/p4env/bin/../x86_64-conda_cos6-linux-gnu/sysroot/usr/lib/../lib/crtn.o] ==> ignore
  collapse library dir [/home/mmd01986/.conda/envs/p4env/bin/../lib/gcc/x86_64-conda_cos6-linux-gnu/7.3.0] ==> [/home/mmd01986/.conda/envs/p4env/lib/gcc/x86_64-conda_cos6-linux-gnu/7.3.0]
  collapse library dir [/home/mmd01986/.conda/envs/p4env/bin/../lib/gcc] ==> [/home/mmd01986/.conda/envs/p4env/lib/gcc]
  collapse library dir [/home/mmd01986/.conda/envs/p4env/bin/../lib/gcc/x86_64-conda_cos6-linux-gnu/7.3.0/../../../../x86_64-conda_cos6-linux-gnu/lib/../lib] ==> [/home/mmd01986/.conda/envs/p4env/x86_64-conda_cos6-linux-gnu/lib]
  collapse library dir [/home/mmd01986/.conda/envs/p4env/bin/../x86_64-conda_cos6-linux-gnu/sysroot/lib/../lib] ==> [/home/mmd01986/.conda/envs/p4env/x86_64-conda_cos6-linux-gnu/sysroot/lib]
  collapse library dir [/home/mmd01986/.conda/envs/p4env/bin/../x86_64-conda_cos6-linux-gnu/sysroot/usr/lib/../lib] ==> [/home/mmd01986/.conda/envs/p4env/x86_64-conda_cos6-linux-gnu/sysroot/usr/lib]
  collapse library dir [/home/mmd01986/.conda/envs/p4env/bin/../lib/gcc/x86_64-conda_cos6-linux-gnu/7.3.0/../../../../x86_64-conda_cos6-linux-gnu/lib] ==> [/home/mmd01986/.conda/envs/p4env/x86_64-conda_cos6-linux-gnu/lib]
  collapse library dir [/home/mmd01986/.conda/envs/p4env/bin/../x86_64-conda_cos6-linux-gnu/sysroot/lib] ==> [/home/mmd01986/.conda/envs/p4env/x86_64-conda_cos6-linux-gnu/sysroot/lib]
  collapse library dir [/home/mmd01986/.conda/envs/p4env/bin/../x86_64-conda_cos6-linux-gnu/sysroot/usr/lib] ==> [/home/mmd01986/.conda/envs/p4env/x86_64-conda_cos6-linux-gnu/sysroot/usr/lib]
  implicit libs: [stdc++;m;gomp;gcc_s;gcc;pthread;c;gcc_s;gcc]
  implicit dirs: [/home/mmd01986/.conda/envs/p4env/lib/gcc/x86_64-conda_cos6-linux-gnu/7.3.0;/home/mmd01986/.conda/envs/p4env/lib/gcc;/home/mmd01986/.conda/envs/p4env/x86_64-conda_cos6-linux-gnu/lib;/home/mmd01986/.conda/envs/p4env/x86_64-conda_cos6-linux-gnu/sysroot/lib;/home/mmd01986/.conda/envs/p4env/x86_64-conda_cos6-linux-gnu/sysroot/usr/lib]
  implicit fwks: []


